TN:
SF:src/base/AllocationLib.sol
DA:11,3106
FN:11,AllocationLib.compute
FNDA:3106,AllocationLib.compute
DA:19,3106
DA:20,3106
DA:21,3106
DA:22,3106
DA:23,3106
DA:27,1026
FN:27,AllocationLib.splitByBps
FNDA:1026,AllocationLib.splitByBps
DA:31,1026
DA:32,1026
DA:33,1026
BRDA:33,0,0,-
DA:34,1026
DA:35,1026
DA:36,34
DA:37,34
DA:39,34
DA:42,1026
FNF:2
FNH:2
LF:16
LH:16
BRF:1
BRH:0
end_of_record
TN:
SF:src/base/MembershipDiscount.sol
DA:18,9
FN:18,MembershipDiscount._isMember
FNDA:9,MembershipDiscount._isMember
DA:21,9
DA:22,9
BRDA:22,0,0,1
DA:23,8
DA:26,14610
FN:26,MembershipDiscount._effectiveCost
FNDA:14610,MembershipDiscount._effectiveCost
DA:31,14610
BRDA:31,1,0,14604
DA:32,4
DA:35,1292
FN:35,MembershipDiscount._setNftCollection
FNDA:1292,MembershipDiscount._setNftCollection
DA:38,1292
DA:39,1292
FNF:3
FNH:3
LF:10
LH:10
BRF:2
BRH:2
end_of_record
TN:
SF:src/base/Timelocked.sol
DA:35,35
FN:35,Timelocked._signal.0
FNDA:35,Timelocked._signal.0
DA:39,35
DA:43,4166
FN:43,Timelocked._signal.1
FNDA:4166,Timelocked._signal.1
DA:48,2
BRDA:48,0,0,2
DA:49,4164
DA:50,4164
DA:53,4144
FN:53,Timelocked._execute
FNDA:4144,Timelocked._execute
DA:57,1
BRDA:57,1,0,1
DA:58,4143
DA:60,4143
DA:63,18
FN:63,Timelocked._cancel
FNDA:18,Timelocked._cancel
DA:67,18
DA:72,1011
FN:72,Timelocked._signalBurn
FNDA:1011,Timelocked._signalBurn
DA:76,1
BRDA:76,2,0,1
DA:77,1010
DA:79,1010
DA:83,1010
FN:83,Timelocked._executeBurn
FNDA:1010,Timelocked._executeBurn
DA:86,0
BRDA:86,3,0,-
DA:87,1010
DA:89,1010
DA:91,1006
BRDA:91,4,0,2
DA:95,1010
DA:98,1
FN:98,Timelocked._cancelBurn
FNDA:1,Timelocked._cancelBurn
DA:102,1
DA:105,4147
FN:105,Timelocked.signalAction
FNDA:4147,Timelocked.signalAction
DA:109,4147
DA:110,4146
DA:113,18
FN:113,Timelocked.cancelAction
FNDA:18,Timelocked.cancelAction
DA:116,18
DA:117,17
DA:120,1013
FN:120,Timelocked.signalBurnAction
FNDA:1013,Timelocked.signalBurnAction
DA:123,1013
DA:124,1012
DA:128,1010
FN:128,Timelocked.executeBurnAction
FNDA:1010,Timelocked.executeBurnAction
DA:131,1010
DA:134,2
FN:134,Timelocked.cancelBurnAction
FNDA:2,Timelocked.cancelBurnAction
DA:137,2
DA:138,1
DA:141,5153
FN:141,Timelocked._validateWindow
FNDA:5153,Timelocked._validateWindow
DA:145,5153
BRDA:145,5,0,19
DA:146,5134
BRDA:146,6,0,5
DA:147,5129
DA:148,5129
BRDA:148,7,0,11
DA:149,5118
BRDA:149,8,0,7
DA:152,22
FN:152,Timelocked._pendingInfo
FNDA:22,Timelocked._pendingInfo
DA:155,22
DA:156,12
BRDA:156,9,0,12
DA:157,12
DA:158,12
DA:167,5128
FN:167,Timelocked._actionDelay
FNDA:5128,Timelocked._actionDelay
DA:170,5128
DA:173,1011
FN:173,Timelocked._burnDelay
FNDA:1011,Timelocked._burnDelay
DA:176,1011
DA:179,1004
FN:179,Timelocked.isActionBurned
FNDA:1004,Timelocked.isActionBurned
DA:182,1004
DA:185,20
FN:185,Timelocked.getPendingChange
FNDA:20,Timelocked.getPendingChange
DA:188,20
DA:191,2
FN:191,Timelocked.getPendingBurn
FNDA:2,Timelocked.getPendingBurn
DA:194,2
FNF:19
FNH:19
LF:59
LH:58
BRF:10
BRH:9
end_of_record
TN:
SF:src/core/BoardwalkFeeCollector.sol
DA:48,130
FN:48,BoardwalkFeeCollector.constructor
FNDA:130,BoardwalkFeeCollector.constructor
DA:55,130
BRDA:55,0,0,1
DA:56,129
BRDA:56,1,0,1
DA:57,128
BRDA:57,2,0,1
DA:58,127
BRDA:58,3,0,1
DA:60,126
DA:61,126
DA:62,126
DA:63,126
DA:67,1027
FN:67,BoardwalkFeeCollector.receiveFees
FNDA:1027,BoardwalkFeeCollector.receiveFees
DA:71,1027
DA:72,1027
DA:73,1027
DA:78,1014
FN:78,BoardwalkFeeCollector.swapToRaiseToken
FNDA:1014,BoardwalkFeeCollector.swapToRaiseToken
DA:83,1014
BRDA:83,4,0,1
DA:84,1013
BRDA:84,5,0,1
DA:85,1012
BRDA:85,6,0,1
DA:87,1011
DA:89,1011
DA:90,1011
DA:92,1011
DA:93,1014
DA:94,1014
DA:96,1014
BRDA:96,7,0,1
DA:98,1
DA:100,1
DA:103,1013
BRDA:103,8,0,1013
DA:104,1013
DA:107,1013
DA:110,1013
BRDA:110,9,0,1013
DA:114,1010
DA:115,1010
DA:116,1010
DA:117,1010
DA:118,3
BRDA:118,9,1,3
DA:119,3
DA:122,0
DA:126,1008
BRDA:126,10,0,1008
DA:127,1008
DA:128,1008
BRDA:128,11,0,1
BRDA:128,11,1,1007
DA:129,1
DA:130,1
DA:131,1
DA:132,1
DA:134,1007
DA:139,34
FN:139,BoardwalkFeeCollector._authAdmin
FNDA:34,BoardwalkFeeCollector._authAdmin
DA:143,5
FN:143,BoardwalkFeeCollector.executeSetTreasury
FNDA:5,BoardwalkFeeCollector.executeSetTreasury
DA:146,5
DA:147,2
BRDA:147,12,0,1
DA:148,1
DA:149,1
DA:152,3
FN:152,BoardwalkFeeCollector.executeSetKeeper
FNDA:3,BoardwalkFeeCollector.executeSetKeeper
DA:155,3
DA:156,3
BRDA:156,13,0,1
DA:157,2
DA:158,2
DA:161,5
FN:161,BoardwalkFeeCollector.executeSetGovernanceVault
FNDA:5,BoardwalkFeeCollector.executeSetGovernanceVault
DA:164,5
DA:165,4
DA:166,5
DA:171,8
FN:171,BoardwalkFeeCollector.executeMigrateCollector
FNDA:8,BoardwalkFeeCollector.executeMigrateCollector
DA:175,8
DA:176,3
BRDA:176,14,0,1
DA:178,2
DA:179,3
DA:181,3
DA:185,2
FNF:8
FNH:8
LF:67
LH:66
BRF:17
BRH:17
end_of_record
TN:
SF:src/core/BoardwalkLPManager.sol
DA:27,103
FN:27,BoardwalkLPManager.constructor
FNDA:103,BoardwalkLPManager.constructor
DA:32,103
BRDA:32,0,0,2
DA:33,101
BRDA:33,1,0,1
DA:34,100
DA:35,100
DA:36,100
DA:40,2027
FN:40,BoardwalkLPManager.addLiquidity
FNDA:2027,BoardwalkLPManager.addLiquidity
DA:50,2027
BRDA:50,2,0,2
DA:51,2025
BRDA:51,3,0,3
DA:52,2022
BRDA:52,4,0,1
DA:54,2021
DA:55,2021
DA:57,2021
DA:58,2021
DA:60,2021
DA:63,2020
DA:64,2020
DA:65,2020
BRDA:65,5,0,1
DA:66,2020
BRDA:66,6,0,1
DA:70,1010
FN:70,BoardwalkLPManager.removeLiquidity
FNDA:1010,BoardwalkLPManager.removeLiquidity
DA:78,1010
BRDA:78,7,0,1
DA:79,1009
BRDA:79,8,0,1
DA:81,1008
DA:82,1008
BRDA:82,9,0,1
DA:84,1007
DA:85,1007
DA:88,1007
DA:91,1006
DA:92,1006
FNF:3
FNH:3
LF:29
LH:29
BRF:10
BRH:10
end_of_record
TN:
SF:src/core/BoardwalkToken.sol
DA:54,295
FN:54,BoardwalkToken.constructor
FNDA:295,BoardwalkToken.constructor
DA:55,0
DA:58,11157
FN:58,BoardwalkToken.initialize
FNDA:11157,BoardwalkToken.initialize
DA:68,11157
BRDA:68,0,0,1
DA:69,11156
BRDA:69,1,0,1
DA:72,11155
BRDA:72,2,0,-
DA:73,11155
BRDA:73,3,0,-
DA:74,11155
BRDA:74,4,0,1001
DA:76,10154
DA:77,10154
DA:78,10154
DA:79,10154
DA:80,10154
DA:81,10154
DA:82,10154
DA:84,10154
DA:86,10154
DA:87,36579
BRDA:87,5,0,36578
DA:88,36578
DA:91,36579
DA:95,10154
DA:100,1
FN:100,BoardwalkToken.name
FNDA:1,BoardwalkToken.name
DA:101,1
DA:104,1
FN:104,BoardwalkToken.symbol
FNDA:1,BoardwalkToken.symbol
DA:105,1
DA:108,7134
FN:108,BoardwalkToken.mint
FNDA:7134,BoardwalkToken.mint
DA:112,7134
BRDA:112,6,0,1
DA:113,7133
BRDA:113,7,0,2
DA:114,7131
DA:117,6084
FN:117,BoardwalkToken.setLiquiditySeedTime
FNDA:6084,BoardwalkToken.setLiquiditySeedTime
DA:120,6084
BRDA:120,8,0,1
DA:121,6083
BRDA:121,9,0,1
DA:122,6082
BRDA:122,10,0,1
DA:123,6081
BRDA:123,11,0,1
DA:124,6080
DA:125,6080
DA:131,3
FN:131,BoardwalkToken.updateExempt
FNDA:3,BoardwalkToken.updateExempt
DA:135,3
BRDA:135,12,0,1
DA:136,2
DA:139,13350
FN:139,BoardwalkToken._update
FNDA:13350,BoardwalkToken._update
DA:144,13350
BRDA:144,13,0,7131
DA:145,7131
DA:146,7131
DA:149,6219
DA:151,6219
BRDA:151,14,0,4038
BRDA:151,14,1,-
DA:152,4038
DA:153,4038
DA:154,4038
DA:156,2181
DA:163,6219
FN:163,BoardwalkToken._calculateTax
FNDA:6219,BoardwalkToken._calculateTax
DA:168,6219
BRDA:168,15,0,1178
DA:170,5041
DA:171,5041
BRDA:171,16,0,1
DA:173,5040
DA:174,5040
DA:175,5040
DA:177,5040
BRDA:177,17,0,2567
DA:178,2567
DA:181,2473
DA:182,2473
DA:183,2473
FNF:9
FNH:9
LF:61
LH:60
BRF:19
BRH:16
end_of_record
TN:
SF:src/core/BoostBurn.sol
DA:42,40
FN:42,BoostBurn.constructor
FNDA:40,BoostBurn.constructor
DA:50,40
DA:51,40
DA:52,40
DA:53,40
BRDA:53,0,0,1
DA:54,39
DA:55,39
DA:58,3928
FN:58,BoostBurn.boost
FNDA:3928,BoostBurn.boost
DA:61,3928
DA:62,3926
DA:63,3926
DA:66,3595
FN:66,BoostBurn.deboost
FNDA:3595,BoostBurn.deboost
DA:69,3595
DA:70,3594
DA:71,3594
DA:74,15046
FN:74,BoostBurn.currentEpoch
FNDA:15046,BoostBurn.currentEpoch
DA:75,15046
DA:78,1010
FN:78,BoostBurn.getScore
FNDA:1010,BoostBurn.getScore
DA:81,1010
DA:84,4
FN:84,BoostBurn.hasInteracted
FNDA:4,BoostBurn.hasInteracted
DA:89,4
DA:92,12
FN:92,BoostBurn._authAdmin
FNDA:12,BoostBurn._authAdmin
DA:96,6
FN:96,BoostBurn.executeSetBmxCost
FNDA:6,BoostBurn.executeSetBmxCost
DA:99,6
DA:100,5
BRDA:100,1,0,1
DA:101,4
DA:102,4
DA:105,1
FN:105,BoostBurn.executeSetNftCollection
FNDA:1,BoostBurn.executeSetNftCollection
DA:108,1
DA:109,1
DA:112,2
FN:112,BoostBurn.executeSetMemberBoostDiscount
FNDA:2,BoostBurn.executeSetMemberBoostDiscount
DA:115,2
DA:116,2
BRDA:116,2,0,1
DA:117,1
DA:118,1
DA:121,7523
FN:121,BoostBurn._interact
FNDA:7523,BoostBurn._interact
DA:124,7523
DA:125,7523
DA:126,2
BRDA:126,3,0,2
DA:127,7521
DA:129,7521
DA:130,7520
BRDA:130,4,0,7517
DA:131,7517
FNF:11
FNH:11
LF:43
LH:43
BRF:5
BRH:5
end_of_record
TN:
SF:src/core/FeeDistributor.sol
DA:129,337
FN:129,FeeDistributor.constructor
FNDA:337,FeeDistributor.constructor
DA:130,0
DA:133,7222
FN:133,FeeDistributor.initialize
FNDA:7222,FeeDistributor.initialize
DA:136,7222
BRDA:136,0,0,1
DA:137,7221
BRDA:137,1,0,1
DA:138,7220
BRDA:138,2,0,1
DA:139,7219
BRDA:139,3,0,1
DA:140,7218
BRDA:140,4,0,1
DA:142,7217
BRDA:142,5,0,1
DA:143,7216
BRDA:143,6,0,1
DA:145,7215
DA:146,7215
DA:147,9502
DA:148,9502
BRDA:148,7,0,1
DA:150,9501
DA:153,7214
BRDA:153,8,0,1
DA:155,7213
DA:156,7213
DA:157,7213
BRDA:157,9,0,-
DA:158,7212
BRDA:158,10,0,-
DA:159,7212
BRDA:159,11,0,-
DA:161,7212
DA:162,7212
DA:163,7212
DA:164,7212
DA:165,7212
DA:167,7212
DA:168,7212
DA:169,7212
DA:170,7212
DA:171,7212
DA:172,7212
DA:173,7212
DA:175,7212
DA:176,9495
DA:177,9495
DA:179,9495
DA:183,7212
DA:184,7212
DA:185,7212
DA:189,7212
DA:190,7212
DA:191,7212
DA:198,4065
FN:198,FeeDistributor.onTaxReceived
FNDA:4065,FeeDistributor.onTaxReceived
DA:201,4065
BRDA:201,12,0,2
DA:203,4063
DA:204,4063
DA:205,4063
DA:206,4063
DA:207,4063
DA:208,4063
DA:209,20
DA:211,4063
BRDA:211,13,0,4063
DA:212,4063
BRDA:212,14,0,4063
DA:213,4063
BRDA:213,15,0,6
DA:214,4063
BRDA:214,16,0,20
DA:216,4063
BRDA:216,17,0,4063
DA:217,4063
DA:220,4063
BRDA:220,18,0,4039
DA:221,4039
DA:224,4063
DA:228,3
FN:228,FeeDistributor.retryPendingFees
FNDA:3,FeeDistributor.retryPendingFees
DA:229,3
DA:230,3
BRDA:230,19,0,2
DA:231,2
DA:232,2
DA:234,3
DA:235,3
BRDA:235,20,0,2
DA:236,2
DA:237,2
DA:244,1015
FN:244,FeeDistributor.claimAsRaiseToken
FNDA:1015,FeeDistributor.claimAsRaiseToken
DA:249,1015
BRDA:249,21,0,1
DA:251,1013
DA:252,1013
BRDA:252,22,0,1
DA:254,1012
DA:256,1012
DA:257,1012
DA:258,1012
DA:260,1012
DA:261,1012
DA:263,1010
DA:267,4037
FN:267,FeeDistributor.claimableAmount
FNDA:4037,FeeDistributor.claimableAmount
DA:270,4037
DA:271,4037
BRDA:271,23,0,3
DA:273,4034
DA:274,4034
BRDA:274,24,0,-
DA:276,4034
DA:279,4034
BRDA:279,25,0,2
DA:281,4032
BRDA:281,26,0,5
DA:282,5
DA:285,4027
BRDA:285,27,0,1004
DA:286,3023
DA:287,3023
DA:290,1006
FN:290,FeeDistributor.claimReferrerFees
FNDA:1006,FeeDistributor.claimReferrerFees
DA:291,1006
BRDA:291,28,0,1
DA:292,1005
DA:293,1004
DA:294,1004
DA:295,1004
DA:298,9
FN:298,FeeDistributor.signalChangeIssuerAddress
FNDA:9,FeeDistributor.signalChangeIssuerAddress
DA:302,9
BRDA:302,29,0,1
DA:303,8
DA:304,8
DA:307,4
FN:307,FeeDistributor.executeChangeIssuerAddress
FNDA:4,FeeDistributor.executeChangeIssuerAddress
DA:311,4
DA:312,4
DA:313,2
BRDA:313,30,0,1
DA:314,1
DA:315,1
DA:318,2
FN:318,FeeDistributor.cancelChangeIssuerAddress
FNDA:2,FeeDistributor.cancelChangeIssuerAddress
DA:321,2
BRDA:321,31,0,1
DA:322,1
DA:323,1
DA:326,5
FN:326,FeeDistributor.signalChangeReferrerAddress
FNDA:5,FeeDistributor.signalChangeReferrerAddress
DA:329,5
BRDA:329,32,0,1
DA:330,4
DA:333,3
FN:333,FeeDistributor.executeChangeReferrerAddress
FNDA:3,FeeDistributor.executeChangeReferrerAddress
DA:336,3
DA:337,2
BRDA:337,33,0,1
DA:338,1
DA:339,1
DA:342,2
FN:342,FeeDistributor.cancelChangeReferrerAddress
FNDA:2,FeeDistributor.cancelChangeReferrerAddress
DA:343,2
BRDA:343,34,0,1
DA:344,1
DA:352,6
FN:352,FeeDistributor.signalChangeIntegratorAddress
FNDA:6,FeeDistributor.signalChangeIntegratorAddress
DA:355,6
BRDA:355,35,0,1
DA:356,5
DA:359,4
FN:359,FeeDistributor.executeChangeIntegratorAddress
FNDA:4,FeeDistributor.executeChangeIntegratorAddress
DA:362,4
DA:363,3
BRDA:363,36,0,1
DA:368,2
BRDA:368,37,0,1
DA:370,1
DA:371,1
DA:372,1
DA:373,1
DA:374,1
DA:377,2
FN:377,FeeDistributor.cancelChangeIntegratorAddress
FNDA:2,FeeDistributor.cancelChangeIntegratorAddress
DA:378,2
BRDA:378,38,0,1
DA:379,1
DA:383,6
FN:383,FeeDistributor.signalChangeAncillaryAddress
FNDA:6,FeeDistributor.signalChangeAncillaryAddress
DA:386,6
BRDA:386,39,0,1
DA:387,5
DA:390,4
FN:390,FeeDistributor.executeChangeAncillaryAddress
FNDA:4,FeeDistributor.executeChangeAncillaryAddress
DA:393,4
DA:394,3
BRDA:394,40,0,1
DA:395,2
BRDA:395,41,0,1
DA:397,1
DA:398,1
DA:399,1
DA:400,1
DA:401,1
DA:404,2
FN:404,FeeDistributor.cancelChangeAncillaryAddress
FNDA:2,FeeDistributor.cancelChangeAncillaryAddress
DA:405,2
BRDA:405,42,0,1
DA:406,1
DA:411,5
FN:411,FeeDistributor.setFeeCollector
FNDA:5,FeeDistributor.setFeeCollector
DA:414,5
BRDA:414,43,0,1
DA:415,4
BRDA:415,44,0,1
DA:417,3
BRDA:417,45,0,1
DA:418,2
DA:419,2
DA:420,2
DA:421,2
DA:422,2
DA:423,2
DA:426,4
FN:426,FeeDistributor._authAdmin
FNDA:4,FeeDistributor._authAdmin
DA:429,4
DA:432,4065
FN:432,FeeDistributor._forwardLpFees
FNDA:4065,FeeDistributor._forwardLpFees
DA:435,4065
BRDA:435,46,0,4065
DA:436,3
BRDA:436,46,1,3
DA:437,3
DA:438,3
DA:442,4065
FN:442,FeeDistributor._forwardBoardwalkFees
FNDA:4065,FeeDistributor._forwardBoardwalkFees
DA:445,4065
BRDA:445,47,0,4065
DA:446,4
BRDA:446,47,1,4
DA:447,4
DA:448,4
DA:456,26
FN:456,FeeDistributor._forwardThirdParty
FNDA:26,FeeDistributor._forwardThirdParty
DA:460,26
DA:461,26
BRDA:461,48,0,26
DA:462,5
BRDA:462,48,1,5
DA:463,5
DA:467,1005
FN:467,FeeDistributor._validateThirdPartyClaim
FNDA:1005,FeeDistributor._validateThirdPartyClaim
DA:471,1005
DA:472,1005
BRDA:472,49,0,1
DA:476,4063
FN:476,FeeDistributor._accrueIssuerFees
FNDA:4063,FeeDistributor._accrueIssuerFees
DA:479,4063
DA:480,4063
DA:481,4063
DA:482,8090
DA:483,8090
DA:484,8090
DA:486,8090
DA:489,4063
DA:492,1012
FN:492,FeeDistributor._updateClaimState
FNDA:1012,FeeDistributor._updateClaimState
DA:496,1012
DA:498,1012
BRDA:498,50,0,2
BRDA:498,50,1,1010
DA:499,2
DA:500,2
DA:502,1010
DA:505,1012
DA:508,3028
FN:508,FeeDistributor._min
FNDA:3028,FeeDistributor._min
DA:512,3028
DA:515,3
FN:515,FeeDistributor.issuerRecipientCount
FNDA:3,FeeDistributor.issuerRecipientCount
DA:516,3
FNF:29
FNH:29
LF:204
LH:203
BRF:55
BRH:51
end_of_record
TN:
SF:src/core/FeeRecipientCollector.sol
DA:58,45
FN:58,FeeRecipientCollector.notifyFees
FNDA:45,FeeRecipientCollector.notifyFees
DA:62,45
BRDA:62,0,0,1
DA:63,44
DA:64,44
DA:80,5
FN:80,FeeRecipientCollector.batchClaim
FNDA:5,FeeRecipientCollector.batchClaim
DA:83,5
DA:84,5
BRDA:84,1,0,1
DA:85,4
BRDA:85,2,0,2
DA:87,0
DA:88,4
DA:90,7
DA:92,7
DA:93,7
DA:97,7
BRDA:97,3,0,7
DA:98,6
BRDA:98,4,0,6
DA:99,1
BRDA:99,3,1,1
DA:100,1
DA:103,7
DA:111,8
FN:111,FeeRecipientCollector._safeClaimTo
FNDA:8,FeeRecipientCollector._safeClaimTo
DA:115,8
BRDA:115,5,0,1
DA:116,7
DA:117,7
BRDA:117,6,0,7
DA:118,7
DA:125,3
FN:125,FeeRecipientCollector.claimToken
FNDA:3,FeeRecipientCollector.claimToken
DA:128,3
DA:129,3
DA:130,3
BRDA:130,7,0,2
DA:131,2
DA:132,2
DA:139,3
FN:139,FeeRecipientCollector.removeTrackedToken
FNDA:3,FeeRecipientCollector.removeTrackedToken
DA:142,3
DA:143,3
DA:160,3
FN:160,FeeRecipientCollector.signalChangeOnDistributor
FNDA:3,FeeRecipientCollector.signalChangeOnDistributor
DA:164,3
BRDA:164,8,0,1
BRDA:164,8,1,-
DA:165,1
DA:166,2
BRDA:166,9,0,1
BRDA:166,9,1,-
DA:167,1
DA:169,1
DA:173,3
FN:173,FeeRecipientCollector.cancelChangeOnDistributor
FNDA:3,FeeRecipientCollector.cancelChangeOnDistributor
DA:176,3
BRDA:176,10,0,1
BRDA:176,10,1,-
DA:177,1
DA:178,2
BRDA:178,11,0,1
BRDA:178,11,1,-
DA:179,1
DA:181,1
DA:185,3
FN:185,FeeRecipientCollector.signalChangeOnFactory
FNDA:3,FeeRecipientCollector.signalChangeOnFactory
DA:189,3
BRDA:189,12,0,1
BRDA:189,12,1,-
DA:190,1
DA:191,2
BRDA:191,13,0,1
BRDA:191,13,1,-
DA:192,1
DA:194,1
DA:198,3
FN:198,FeeRecipientCollector.cancelChangeOnFactory
FNDA:3,FeeRecipientCollector.cancelChangeOnFactory
DA:201,3
BRDA:201,14,0,1
BRDA:201,14,1,-
DA:202,1
DA:203,2
BRDA:203,15,0,1
BRDA:203,15,1,-
DA:204,1
DA:206,1
DA:214,5
FN:214,FeeRecipientCollector.trackedTokenCount
FNDA:5,FeeRecipientCollector.trackedTokenCount
DA:215,5
DA:218,1
FN:218,FeeRecipientCollector.trackedTokenAt
FNDA:1,FeeRecipientCollector.trackedTokenAt
DA:221,1
DA:224,12
FN:224,FeeRecipientCollector.isTracked
FNDA:12,FeeRecipientCollector.isTracked
DA:227,12
FNF:12
FNH:12
LF:62
LH:61
BRF:25
BRH:17
end_of_record
TN:
SF:src/core/LPStaking.sol
DA:64,308
FN:64,LPStaking.constructor
FNDA:308,LPStaking.constructor
DA:65,0
DA:69,7170
FN:69,LPStaking.setInitializer
FNDA:7170,LPStaking.setInitializer
DA:72,7170
BRDA:72,0,0,2
DA:73,7168
BRDA:73,1,0,1
DA:74,7167
DA:77,1134
FN:77,LPStaking.initialize
FNDA:1134,LPStaking.initialize
DA:84,1134
BRDA:84,2,0,2
DA:86,1132
BRDA:86,3,0,1
DA:87,1131
BRDA:87,4,0,1
DA:88,1130
BRDA:88,5,0,1
DA:90,1129
DA:91,1129
DA:92,1129
DA:94,1129
DA:95,1129
DA:96,1129
DA:97,1129
DA:98,1129
DA:100,1129
DA:104,16137
FN:104,LPStaking.stake
FNDA:16137,LPStaking.stake
DA:107,16137
BRDA:107,6,0,1
DA:109,16136
DA:110,16136
DA:112,16136
DA:114,16136
DA:115,16136
DA:116,16136
DA:117,16136
DA:119,16136
DA:120,16136
DA:121,16136
DA:123,16136
DA:127,5637
FN:127,LPStaking.withdraw
FNDA:5637,LPStaking.withdraw
DA:130,5637
DA:131,5637
DA:132,5637
BRDA:132,7,0,2
DA:133,2
DA:136,5635
DA:138,5635
DA:139,5635
DA:141,5635
DA:142,5635
DA:143,5635
DA:144,5635
DA:146,5635
DA:147,5635
DA:148,5635
DA:150,5635
DA:152,5635
DA:156,6589
FN:156,LPStaking.claim
FNDA:6589,LPStaking.claim
DA:157,6589
DA:158,6589
DA:159,6589
DA:160,6589
DA:165,5865
FN:165,LPStaking.notifyFees
FNDA:5865,LPStaking.notifyFees
DA:168,5865
BRDA:168,8,0,1
DA:170,0
DA:172,5864
DA:174,5864
DA:176,5864
DA:181,28360
FN:181,LPStaking._settleAndUpdate
FNDA:28360,LPStaking._settleAndUpdate
DA:184,0
DA:185,28360
DA:186,28360
DA:187,28360
BRDA:187,9,0,13648
DA:188,13648
DA:189,13648
BRDA:189,10,0,9825
DA:190,9825
DA:191,9825
DA:193,13648
DA:195,28360
DA:198,34224
FN:198,LPStaking._updateAllRewards
FNDA:34224,LPStaking._updateAllRewards
DA:199,0
DA:200,0
DA:205,34224
FN:205,LPStaking._advanceEpochIfNeeded
FNDA:34224,LPStaking._advanceEpochIfNeeded
DA:206,34224
BRDA:206,11,0,24237
DA:208,0
DA:210,9987
DA:211,9987
DA:212,9987
DA:213,9987
DA:215,9987
DA:219,44211
FN:219,LPStaking._distributeRewards
FNDA:44211,LPStaking._distributeRewards
DA:220,44211
DA:221,44211
DA:223,44211
BRDA:223,12,0,25970
DA:225,18241
BRDA:225,13,0,7774
DA:226,7774
DA:227,7774
DA:230,10467
DA:231,10467
DA:232,10467
DA:233,10467
BRDA:233,14,0,10467
DA:234,10467
DA:237,10467
DA:239,10467
BRDA:239,15,0,10467
DA:242,13497
FN:242,LPStaking._calculateVestingReward
FNDA:13497,LPStaking._calculateVestingReward
DA:246,13497
BRDA:246,16,0,1
DA:248,13496
DA:249,13496
DA:251,13496
BRDA:251,17,0,2019
DA:253,11477
DA:256,13497
FN:256,LPStaking._calculateFeeReward
FNDA:13497,LPStaking._calculateFeeReward
DA:260,13497
BRDA:260,18,0,13100
DA:262,397
DA:264,397
DA:265,397
DA:267,397
BRDA:267,19,0,4
DA:269,393
DA:273,28360
FN:273,LPStaking._updateUserMp
FNDA:28360,LPStaking._updateUserMp
DA:276,28360
BRDA:276,20,0,13648
DA:277,13648
DA:278,13648
DA:279,13648
BRDA:279,21,0,9825
DA:280,9825
DA:281,9825
DA:284,28360
DA:287,3030
FN:287,LPStaking._pendingRewardDelta
FNDA:3030,LPStaking._pendingRewardDelta
DA:291,3030
DA:294,13648
FN:294,LPStaking._pendingReward
FNDA:13648,LPStaking._pendingReward
DA:298,13648
DA:299,13648
BRDA:299,22,0,-
DA:300,13648
DA:301,13648
DA:304,3030
FN:304,LPStaking.pendingRewards
FNDA:3030,LPStaking.pendingRewards
DA:307,3030
DA:310,3032
FN:310,LPStaking._simulatePendingRewards
FNDA:3032,LPStaking._simulatePendingRewards
DA:313,3032
DA:315,3032
DA:316,3032
BRDA:316,23,0,3030
DA:317,3030
DA:318,3030
BRDA:318,24,0,1010
DA:319,1010
DA:323,3032
DA:324,3032
BRDA:324,25,0,2
DA:325,3030
DA:326,3030
DA:329,3
FN:329,LPStaking.getPoolStats
FNDA:3,LPStaking.getPoolStats
DA:343,3
DA:344,3
DA:345,3
DA:347,3
DA:350,1
DA:351,3
DA:353,3
DA:354,3
DA:355,3
DA:357,3
DA:358,3
DA:361,2
FN:361,LPStaking.getUserInfo
FNDA:2,LPStaking.getUserInfo
DA:368,2
DA:369,2
DA:370,2
DA:372,2
BRDA:372,26,0,1
DA:373,1
DA:374,1
DA:377,2
DA:378,2
DA:380,2
DA:381,2
FNF:20
FNH:20
LF:161
LH:155
BRF:27
BRH:26
end_of_record
TN:
SF:src/core/LaunchFactory.sol
DA:212,1262
FN:212,LaunchFactory.constructor
FNDA:1262,LaunchFactory.constructor
DA:216,1262
DA:217,1262
DA:218,1262
DA:219,1262
DA:220,1262
DA:221,1262
DA:222,1262
DA:223,1262
DA:224,1262
DA:225,1262
DA:226,1262
DA:227,1262
BRDA:227,0,0,1
DA:228,1261
DA:229,1261
BRDA:229,1,0,-
DA:230,1261
DA:231,1261
DA:232,1261
BRDA:232,2,0,2
DA:233,1261
BRDA:233,3,0,2
DA:234,2
DA:236,1259
DA:237,1259
DA:239,1259
DA:240,1252
DA:242,1252
DA:243,1252
DA:244,1252
DA:247,1252
BRDA:247,4,0,-
DA:248,1252
BRDA:248,5,0,-
DA:252,1252
DA:254,1252
DA:255,1252
DA:257,1252
BRDA:257,6,0,1
DA:258,1251
DA:259,1251
DA:263,1007
FN:263,LaunchFactory.currentFeeBps
FNDA:1007,LaunchFactory.currentFeeBps
DA:276,1007
DA:277,1007
DA:280,4
FN:280,LaunchFactory.launchCount
FNDA:4,LaunchFactory.launchCount
DA:281,4
DA:284,2
FN:284,LaunchFactory.isLaunchToken
FNDA:2,LaunchFactory.isLaunchToken
DA:287,2
DA:291,7109
FN:291,LaunchFactory.createLaunch
FNDA:7109,LaunchFactory.createLaunch
DA:294,7109
DA:296,7089
DA:297,7088
BRDA:297,7,0,7065
DA:298,7065
DA:301,7086
DA:302,7086
DA:303,7086
DA:304,7086
DA:306,7086
DA:307,7086
BRDA:307,8,0,1026
DA:308,1026
DA:312,7086
DA:313,7086
BRDA:313,9,0,1026
DA:314,1026
DA:317,7086
DA:319,7086
DA:331,7086
DA:332,7086
DA:334,7086
DA:355,7086
DA:356,7086
DA:357,7086
DA:358,7086
DA:360,7086
BRDA:360,10,0,5053
BRDA:360,10,1,2033
DA:361,5053
DA:362,5053
DA:363,5053
DA:364,0
DA:366,2033
DA:367,2033
DA:368,2033
DA:369,2033
DA:372,7086
DA:387,7086
BRDA:387,11,0,1026
DA:388,1026
DA:391,7086
DA:402,7086
DA:403,7086
DA:405,7086
DA:420,1026
FN:420,LaunchFactory._setVestingConfig
FNDA:1026,LaunchFactory._setVestingConfig
DA:425,1026
DA:426,1026
DA:427,1026
DA:432,7086
FN:432,LaunchFactory._buildExemptList
FNDA:7086,LaunchFactory._buildExemptList
DA:437,7086
DA:438,7086
DA:440,7086
DA:441,7086
BRDA:441,12,0,1026
DA:442,7086
BRDA:442,13,0,-
DA:443,7086
BRDA:443,14,0,7086
DA:445,7086
DA:446,7086
DA:447,7086
DA:448,7086
DA:449,7086
DA:450,7086
DA:451,0
BRDA:451,15,0,1026
DA:452,0
BRDA:452,16,0,-
DA:453,0
BRDA:453,17,0,7086
DA:456,7109
FN:456,LaunchFactory._validateConfig
FNDA:7109,LaunchFactory._validateConfig
DA:460,7109
DA:461,7108
DA:462,2
BRDA:462,18,0,2
DA:464,7107
DA:465,7106
DA:466,2
BRDA:466,19,0,2
DA:468,7105
DA:469,7105
BRDA:469,20,0,1
DA:470,1
DA:473,7103
DA:474,7103
DA:475,9146
BRDA:475,21,0,1
DA:476,9145
DA:478,9145
DA:481,7102
BRDA:481,22,0,1
DA:483,7100
BRDA:483,23,0,5060
BRDA:483,23,1,1
DA:484,5060
BRDA:484,24,0,2
DA:485,5058
BRDA:485,25,0,1
DA:486,5057
BRDA:486,26,0,1
DA:488,2040
DA:489,2040
BRDA:489,27,0,2
DA:490,2
DA:492,2038
BRDA:492,28,0,2
DA:495,2036
BRDA:495,29,0,1
DA:496,1
DA:499,2035
BRDA:499,30,0,1
DA:500,1
DA:502,2034
BRDA:502,31,0,1027
DA:503,1027
DA:504,1027
DA:505,1062
DA:507,1062
DA:510,1027
BRDA:510,32,0,1
DA:518,5096
FN:518,LaunchFactory._authAdmin
FNDA:5096,LaunchFactory._authAdmin
DA:521,5096
BRDA:521,33,0,2
DA:522,0
DA:525,3013
FN:525,LaunchFactory.executeSetBmxBurn
FNDA:3013,LaunchFactory.executeSetBmxBurn
DA:528,3013
DA:529,3008
BRDA:529,34,0,1003
DA:530,2005
DA:531,2005
DA:534,2
FN:534,LaunchFactory.executeSetGraduation
FNDA:2,LaunchFactory.executeSetGraduation
DA:538,2
DA:539,1
DA:540,2
BRDA:540,35,0,-
DA:541,2
BRDA:541,36,0,1
BRDA:541,36,1,1
DA:542,1
DA:543,1
DA:545,1
DA:546,1
DA:550,5
FN:550,LaunchFactory.executeSetDuration
FNDA:5,LaunchFactory.executeSetDuration
DA:554,5
DA:555,2
DA:556,5
BRDA:556,37,0,2
BRDA:556,37,1,2
DA:557,2
BRDA:557,38,0,1
DA:558,1
DA:559,1
DA:561,3
BRDA:561,39,0,1
DA:562,1
DA:563,1
DA:567,11
FN:567,LaunchFactory.executeSetFeeDefaults
FNDA:11,LaunchFactory.executeSetFeeDefaults
DA:570,11
DA:571,11
DA:573,3
BRDA:573,40,0,-
DA:574,3
BRDA:574,41,0,-
DA:575,3
DA:576,3
DA:586,1019
FN:586,LaunchFactory.executeSetPresaleRange
FNDA:1019,LaunchFactory.executeSetPresaleRange
DA:590,1019
DA:591,1014
DA:592,1007
DA:593,1019
DA:594,1019
DA:597,11
FN:597,LaunchFactory.executeSetFeeCollector
FNDA:11,LaunchFactory.executeSetFeeCollector
DA:600,11
DA:601,6
BRDA:601,42,0,1
DA:603,5
BRDA:603,43,0,3
DA:604,3
DA:606,2
DA:607,2
DA:615,8
FN:615,LaunchFactory.signalChangeIntegratorAddress
FNDA:8,LaunchFactory.signalChangeIntegratorAddress
DA:618,8
BRDA:618,44,0,1
DA:619,7
DA:622,6
FN:622,LaunchFactory.executeChangeIntegratorAddress
FNDA:6,LaunchFactory.executeChangeIntegratorAddress
DA:625,6
DA:626,5
BRDA:626,45,0,1
DA:629,4
BRDA:629,46,0,3
DA:630,3
DA:632,1
DA:633,1
DA:636,2
FN:636,LaunchFactory.cancelChangeIntegratorAddress
FNDA:2,LaunchFactory.cancelChangeIntegratorAddress
DA:637,2
BRDA:637,47,0,1
DA:638,1
DA:642,6
FN:642,LaunchFactory.signalChangeAncillaryAddress
FNDA:6,LaunchFactory.signalChangeAncillaryAddress
DA:645,6
BRDA:645,48,0,-
DA:646,6
DA:649,5
FN:649,LaunchFactory.executeChangeAncillaryAddress
FNDA:5,LaunchFactory.executeChangeAncillaryAddress
DA:652,5
DA:653,4
BRDA:653,49,0,1
DA:654,3
BRDA:654,50,0,2
DA:655,2
DA:657,1
DA:658,1
DA:661,2
FN:661,LaunchFactory.cancelChangeAncillaryAddress
FNDA:2,LaunchFactory.cancelChangeAncillaryAddress
DA:662,2
BRDA:662,51,0,1
DA:663,1
DA:666,1
FN:666,LaunchFactory.executeSetNftCollection
FNDA:1,LaunchFactory.executeSetNftCollection
DA:669,1
DA:670,1
DA:673,3
FN:673,LaunchFactory.executeSetMemberLaunchDiscount
FNDA:3,LaunchFactory.executeSetMemberLaunchDiscount
DA:676,3
DA:677,2
BRDA:677,52,0,1
DA:678,1
DA:679,1
DA:682,0
FN:682,LaunchFactory.executeSetAntiWhale
FNDA:0,LaunchFactory.executeSetAntiWhale
DA:686,0
DA:687,0
DA:688,0
DA:689,0
DA:690,0
DA:695,1270
FN:695,LaunchFactory._validateFeeDefaults
FNDA:1270,LaunchFactory._validateFeeDefaults
DA:698,1270
BRDA:698,53,0,-
DA:699,1268
BRDA:699,54,0,5
DA:700,1263
BRDA:700,55,0,3
DA:701,1260
BRDA:701,56,0,2
DA:702,1258
BRDA:702,57,0,3
DA:703,1255
BRDA:703,58,0,-
DA:704,1255
BRDA:704,59,0,-
DA:705,1255
BRDA:705,60,0,-
DA:708,1252
FN:708,LaunchFactory._validateAntiWhale
FNDA:1252,LaunchFactory._validateAntiWhale
DA:712,1252
BRDA:712,61,0,-
DA:713,1252
BRDA:713,62,0,-
DA:720,1252
FN:720,LaunchFactory._validateDistinctRoles
FNDA:1252,LaunchFactory._validateDistinctRoles
DA:726,1252
BRDA:726,63,0,-
DA:728,8
DA:729,8
DA:730,0
BRDA:730,64,0,-
DA:732,1252
BRDA:732,65,0,249
DA:733,249
BRDA:733,66,0,-
DA:734,0
DA:739,1014
FN:739,LaunchFactory._validatePresaleRange
FNDA:1014,LaunchFactory._validatePresaleRange
DA:744,1014
DA:745,1008
DA:746,7
BRDA:746,67,0,7
DA:747,7
FNF:28
FNH:27
LF:248
LH:235
BRF:72
BRH:54
end_of_record
TN:
SF:src/core/PresaleManager.sol
DA:86,313
FN:86,PresaleManager.constructor
FNDA:313,PresaleManager.constructor
DA:87,0
DA:90,9161
FN:90,PresaleManager.initialize
FNDA:9161,PresaleManager.initialize
DA:103,9161
BRDA:103,0,0,2
DA:104,9159
BRDA:104,1,0,1
DA:105,9158
BRDA:105,2,0,1
DA:106,9157
BRDA:106,3,0,1
DA:107,9156
BRDA:107,4,0,1
DA:108,9155
BRDA:108,5,0,1
DA:109,9154
BRDA:109,6,0,1
DA:111,9153
BRDA:111,7,0,1
DA:113,9152
DA:114,9152
DA:115,9152
DA:116,9152
DA:117,9152
DA:118,9152
DA:119,9152
DA:120,9152
DA:122,9152
DA:123,9152
DA:124,9152
DA:126,9152
DA:127,9152
DA:129,9152
DA:133,1054
FN:133,PresaleManager.setVestingConfig
FNDA:1054,PresaleManager.setVestingConfig
DA:137,1054
BRDA:137,8,0,1
DA:138,1053
BRDA:138,9,0,1
DA:139,1052
BRDA:139,10,0,2
DA:141,1050
DA:142,1107
BRDA:142,11,0,1
DA:143,1106
DA:144,1106
DA:146,1106
DA:150,1049
DA:154,17049
FN:154,PresaleManager.contribute
FNDA:17049,PresaleManager.contribute
DA:157,17049
DA:158,17049
BRDA:158,12,0,2
DA:159,17047
BRDA:159,13,0,1
DA:160,17046
BRDA:160,14,0,1
DA:162,17045
DA:164,17045
DA:165,17045
DA:166,17045
DA:168,17045
DA:170,17045
DA:171,17045
DA:172,17045
DA:174,17045
DA:175,17045
DA:177,17045
DA:183,2086
FN:183,PresaleManager.seedLiquidity
FNDA:2086,PresaleManager.seedLiquidity
DA:184,2086
BRDA:184,15,0,1
DA:185,1
DA:187,2
BRDA:187,16,0,2
DA:188,2083
BRDA:188,17,0,3
DA:189,3
DA:192,2080
DA:193,2080
DA:195,2080
DA:196,2080
DA:198,2080
DA:199,2080
BRDA:199,18,0,1051
DA:200,1051
DA:202,2080
BRDA:202,19,0,1050
DA:203,1050
DA:206,2080
DA:207,2080
BRDA:207,20,0,2079
DA:208,2079
DA:209,2079
BRDA:209,21,0,1
DA:213,2079
DA:214,2079
DA:215,2079
DA:217,2079
DA:219,2079
DA:221,2079
BRDA:221,22,0,45
DA:222,45
DA:225,2079
DA:227,2079
DA:231,40
FN:231,PresaleManager.claimTokens
FNDA:40,PresaleManager.claimTokens
DA:232,40
BRDA:232,23,0,1
DA:233,39
BRDA:233,24,0,1
DA:234,1
DA:236,1
BRDA:236,25,0,1
DA:238,37
DA:239,37
BRDA:239,26,0,1
DA:241,36
DA:243,36
DA:245,36
DA:249,16
FN:249,PresaleManager.refund
FNDA:16,PresaleManager.refund
DA:250,16
BRDA:250,27,0,1
DA:251,1
DA:253,2
BRDA:253,28,0,2
DA:254,13
BRDA:254,29,0,1
DA:255,1
BRDA:255,30,0,1
DA:257,11
DA:258,11
BRDA:258,31,0,1
DA:260,10
DA:262,10
DA:264,10
DA:267,5044
FN:267,PresaleManager.calculateTokens
FNDA:5044,PresaleManager.calculateTokens
DA:270,5044
DA:271,5044
BRDA:271,32,0,2
DA:273,5042
DA:274,5042
DA:277,3
FN:277,PresaleManager.hasFailed
FNDA:3,PresaleManager.hasFailed
DA:278,1
BRDA:278,33,0,1
DA:279,2
BRDA:279,34,0,1
DA:280,1
DA:283,2
FN:283,PresaleManager.cliffEnd
FNDA:2,PresaleManager.cliffEnd
DA:284,2
BRDA:284,35,0,1
DA:285,1
FNF:10
FNH:10
LF:112
LH:111
BRF:36
BRH:36
end_of_record
TN:
SF:src/core/VestingStream.sol
DA:52,297
FN:52,VestingStream.constructor
FNDA:297,VestingStream.constructor
DA:53,0
DA:57,5084
FN:57,VestingStream.setInitializer
FNDA:5084,VestingStream.setInitializer
DA:61,5084
BRDA:61,0,0,1
DA:62,5083
BRDA:62,1,0,1
DA:63,5082
BRDA:63,2,0,1
DA:64,5081
DA:65,5081
DA:68,4077
FN:68,VestingStream.initialize
FNDA:4077,VestingStream.initialize
DA:74,4077
BRDA:74,3,0,1
DA:76,4076
BRDA:76,4,0,1
DA:77,4075
BRDA:77,5,0,1
DA:79,4074
DA:80,4074
DA:81,4074
DA:83,4074
DA:84,4106
BRDA:84,6,0,1
DA:85,4105
DA:87,4105
DA:90,4073
DA:92,4073
DA:96,9773
FN:96,VestingStream.claim
FNDA:9773,VestingStream.claim
DA:99,9773
BRDA:99,7,0,1
DA:101,9772
DA:102,9772
BRDA:102,8,0,2
DA:104,9770
DA:105,9770
BRDA:105,9,0,3
DA:106,3
BRDA:106,10,0,1
DA:107,1
DA:109,2
DA:112,9767
DA:113,9767
DA:115,9767
DA:120,10
FN:120,VestingStream.executeChangeRecipientAddress
FNDA:10,VestingStream.executeChangeRecipientAddress
DA:124,10
BRDA:124,11,0,1
DA:125,9
DA:126,9
DA:127,7
BRDA:127,12,0,1
DA:129,6
DA:131,6
DA:132,6
BRDA:132,13,0,1
DA:133,1
DA:134,1
DA:135,1
DA:138,6
DA:139,6
DA:142,17
FN:142,VestingStream._authAdmin
FNDA:17,VestingStream._authAdmin
DA:145,17
BRDA:145,14,0,3
DA:148,21682
FN:148,VestingStream.claimable
FNDA:21682,VestingStream.claimable
DA:151,21682
BRDA:151,15,0,2
DA:152,21680
DA:153,21680
DA:156,1007
FN:156,VestingStream.totalVested
FNDA:1007,VestingStream.totalVested
DA:159,1007
BRDA:159,16,0,1
DA:160,1006
DA:163,22686
FN:163,VestingStream._vestedAmount
FNDA:22686,VestingStream._vestedAmount
DA:166,22686
BRDA:166,17,0,3
DA:167,22683
DA:168,22683
BRDA:168,18,0,992
DA:169,22683
FNF:9
FNH:9
LF:60
LH:59
BRF:19
BRH:19
end_of_record
TN:
SF:src/governance/GovernanceVoter.sol
DA:156,125
FN:156,GovernanceVoter.constructor
FNDA:125,GovernanceVoter.constructor
DA:160,125
DA:161,125
DA:162,125
DA:163,125
DA:164,125
DA:165,125
DA:166,125
DA:167,125
DA:168,125
DA:169,125
DA:170,125
DA:171,125
DA:173,125
BRDA:173,0,0,1
DA:174,125
DA:175,125
BRDA:175,1,0,1
DA:176,124
DA:177,124
BRDA:177,2,0,1
DA:178,123
DA:181,123
DA:182,123
DA:183,123
DA:184,123
DA:188,8
FN:188,GovernanceVoter.receive
FNDA:8,GovernanceVoter.receive
DA:189,8
BRDA:189,3,0,-
DA:192,988
FN:192,GovernanceVoter.onlyKeeperOrOwner
FNDA:988,GovernanceVoter.onlyKeeperOrOwner
DA:193,988
BRDA:193,4,0,2
DA:198,123
FN:198,GovernanceVoter.initializePeers
FNDA:123,GovernanceVoter.initializePeers
DA:202,2
BRDA:202,5,0,2
DA:203,121
BRDA:203,6,0,1
DA:204,120
BRDA:204,7,0,-
DA:205,118
BRDA:205,8,0,-
DA:206,0
DA:208,118
DA:209,118
DA:210,118
DA:211,118
DA:216,100
FN:216,GovernanceVoter.vote
FNDA:100,GovernanceVoter.vote
DA:219,2
BRDA:219,9,0,2
DA:220,98
BRDA:220,10,0,2
DA:222,96
DA:223,96
DA:225,1
BRDA:225,11,0,1
DA:227,95
BRDA:227,12,0,32
DA:228,32
DA:231,95
DA:232,95
BRDA:232,13,0,1
DA:234,94
DA:235,94
BRDA:235,14,0,1
DA:237,93
DA:238,93
DA:239,93
BRDA:239,15,0,2
DA:240,2
DA:243,91
BRDA:243,16,0,3
DA:245,88
DA:246,88
BRDA:246,17,0,1
DA:247,1
DA:250,88
DA:251,88
DA:252,88
DA:253,88
DA:254,88
DA:255,88
DA:257,88
DA:262,986
FN:262,GovernanceVoter.finalize
FNDA:986,GovernanceVoter.finalize
DA:266,986
BRDA:266,18,0,-
DA:268,986
DA:269,1
BRDA:269,19,0,1
DA:270,985
BRDA:270,20,0,1
DA:272,984
BRDA:272,21,0,977
BRDA:272,21,1,1
DA:273,977
BRDA:273,22,0,266
DA:274,266
DA:275,266
BRDA:275,23,0,5
DA:277,972
DA:278,972
DA:281,972
DA:282,972
DA:283,972
DA:285,7
BRDA:285,24,0,1
DA:288,978
BRDA:288,25,0,267
DA:289,267
DA:290,267
BRDA:290,26,0,8
DA:293,970
DA:295,970
DA:296,970
DA:297,970
DA:299,970
DA:301,970
DA:303,970
DA:308,610
FN:308,GovernanceVoter.execute
FNDA:610,GovernanceVoter.execute
DA:314,610
BRDA:314,27,0,2
DA:315,608
DA:316,608
BRDA:316,28,0,1
DA:317,1
BRDA:317,29,0,1
DA:319,606
DA:320,606
DA:322,606
DA:323,606
BRDA:323,30,0,205
DA:324,205
DA:325,205
DA:328,401
DA:330,401
BRDA:330,31,0,395
BRDA:330,31,1,2
DA:331,395
DA:332,395
DA:333,395
DA:334,6
BRDA:334,32,0,2
BRDA:334,32,1,2
DA:335,2
DA:336,2
DA:337,4
BRDA:337,33,0,2
BRDA:337,33,1,2
DA:338,2
DA:339,2
DA:340,2
BRDA:340,34,0,2
DA:341,2
DA:342,2
DA:348,19
FN:348,GovernanceVoter.forceMarkExecuted
FNDA:19,GovernanceVoter.forceMarkExecuted
DA:351,19
DA:352,19
BRDA:352,35,0,1
DA:353,1
BRDA:353,36,0,1
DA:355,17
DA:356,17
BRDA:356,37,0,2
DA:358,15
DA:359,15
DA:360,15
DA:362,15
BRDA:362,38,0,15
BRDA:362,38,1,5
DA:363,10
DA:364,10
DA:365,15
DA:367,5
DA:371,4300
FN:371,GovernanceVoter.currentEpoch
FNDA:4300,GovernanceVoter.currentEpoch
DA:372,4300
DA:375,5156
FN:375,GovernanceVoter.getEpochInfo
FNDA:5156,GovernanceVoter.getEpochInfo
DA:378,5156
DA:381,7
FN:381,GovernanceVoter.getUserVote
FNDA:7,GovernanceVoter.getUserVote
DA:385,7
DA:388,8
FN:388,GovernanceVoter.isOptionEligible
FNDA:8,GovernanceVoter.isOptionEligible
DA:391,8
DA:394,1
FN:394,GovernanceVoter.getEpochVoters
FNDA:1,GovernanceVoter.getEpochVoters
DA:397,1
DA:400,17
FN:400,GovernanceVoter._authAdmin
FNDA:17,GovernanceVoter._authAdmin
DA:406,14
FN:406,GovernanceVoter._actionDelay
FNDA:14,GovernanceVoter._actionDelay
DA:409,14
BRDA:409,39,0,8
DA:410,8
DA:412,6
DA:415,5
FN:415,GovernanceVoter.executeSetGovernanceBurn
FNDA:5,GovernanceVoter.executeSetGovernanceBurn
DA:418,5
DA:419,3
BRDA:419,40,0,1
DA:420,2
DA:421,2
DA:424,1
FN:424,GovernanceVoter.executeSetTreasury
FNDA:1,GovernanceVoter.executeSetTreasury
DA:427,1
DA:428,1
DA:429,1
DA:432,5
FN:432,GovernanceVoter.executeSetKeeper
FNDA:5,GovernanceVoter.executeSetKeeper
DA:435,5
DA:436,2
DA:437,5
DA:440,3
FN:440,GovernanceVoter.executeSetFallbackTreasury
FNDA:3,GovernanceVoter.executeSetFallbackTreasury
DA:443,3
DA:444,2
DA:445,3
DA:448,9
FN:448,GovernanceVoter._executeNonZeroAddress
FNDA:9,GovernanceVoter._executeNonZeroAddress
DA:452,9
DA:453,7
BRDA:453,41,0,2
DA:456,970
FN:456,GovernanceVoter._determineWinner
FNDA:970,GovernanceVoter._determineWinner
DA:459,970
BRDA:459,42,0,711
DA:460,711
DA:463,259
DA:467,259
DA:468,259
DA:470,259
DA:473,259
BRDA:473,43,0,233
DA:474,233
DA:475,932
DA:477,932
DA:480,233
DA:483,26
DA:484,26
DA:485,104
BRDA:485,44,0,26
DA:486,26
DA:487,26
DA:490,104
DA:494,26
BRDA:494,45,0,26
BRDA:494,45,1,-
DA:495,26
DA:497,0
DA:501,1002
FN:501,GovernanceVoter._primeEpoch
FNDA:1002,GovernanceVoter._primeEpoch
DA:504,1002
DA:505,1002
BRDA:505,46,0,1000
DA:506,1000
DA:507,1000
DA:513,267
FN:513,GovernanceVoter._validateVoters
FNDA:267,GovernanceVoter._validateVoters
DA:517,267
DA:518,267
DA:519,267
DA:521,267
DA:523,330
DA:524,63
DA:525,63
DA:526,63
DA:528,63
BRDA:528,47,0,4
DA:529,4
DA:530,4
DA:531,4
DA:532,4
DA:536,63
DA:537,63
DA:541,267
DA:544,203
FN:544,GovernanceVoter._isOptionEligible
FNDA:203,GovernanceVoter._isOptionEligible
DA:548,203
DA:549,203
DA:552,26
FN:552,GovernanceVoter._updateConsecutiveWins
FNDA:26,GovernanceVoter._updateConsecutiveWins
DA:556,26
DA:558,26
DA:559,104
BRDA:559,48,0,26
BRDA:559,48,1,3
DA:560,26
DA:561,26
BRDA:561,49,0,3
DA:562,3
DA:563,3
DA:566,78
DA:569,104
DA:576,6
FN:576,GovernanceVoter._swapRaiseTokenForBmx
FNDA:6,GovernanceVoter._swapRaiseTokenForBmx
DA:582,6
DA:584,6
DA:587,6
DA:588,6
DA:589,6
DA:590,6
DA:601,6
DA:602,6
DA:604,6
DA:605,6
DA:606,6
DA:608,6
DA:610,6
DA:613,2
FN:613,GovernanceVoter._executeBuyBurnBmx
FNDA:2,GovernanceVoter._executeBuyBurnBmx
DA:618,2
DA:619,2
DA:624,2
FN:624,GovernanceVoter._executeBuyBurnLp
FNDA:2,GovernanceVoter._executeBuyBurnLp
DA:630,2
DA:631,2
DA:632,2
DA:633,2
DA:635,2
DA:636,2
DA:638,2
DA:639,2
DA:640,2
DA:641,2
DA:655,2
DA:656,2
DA:658,2
DA:659,2
DA:661,2
DA:662,2
DA:663,2
DA:665,2
DA:667,2
DA:669,2
DA:670,2
BRDA:670,50,0,-
DA:671,2
DA:672,2
BRDA:672,51,0,-
DA:673,0
DA:674,0
DA:679,2
FN:679,GovernanceVoter._executeParticipation
FNDA:2,GovernanceVoter._executeParticipation
DA:685,2
BRDA:685,52,0,-
DA:686,0
DA:687,0
DA:689,2
DA:690,2
DA:691,2
FNF:29
FNH:29
LF:269
LH:263
BRF:60
BRH:52
end_of_record
TN:
SF:src/governance/LPLocker.sol
DA:29,42
FN:29,LPLocker.constructor
FNDA:42,LPLocker.constructor
DA:35,42
DA:36,42
DA:37,42
DA:38,42
DA:42,0
FN:42,LPLocker.receive
FNDA:0,LPLocker.receive
DA:43,0
BRDA:43,0,0,-
DA:47,13
FN:47,LPLocker.lockPosition
FNDA:13,LPLocker.lockPosition
DA:50,13
BRDA:50,1,0,1
DA:51,12
DA:54,9
FN:54,LPLocker.onERC721Received
FNDA:9,LPLocker.onERC721Received
DA:60,9
BRDA:60,2,0,1
DA:61,8
DA:62,7
DA:66,3
FN:66,LPLocker.claimFees
FNDA:3,LPLocker.claimFees
DA:70,3
BRDA:70,3,0,1
DA:71,2
DA:74,3
FN:74,LPLocker.claimAllFees
FNDA:3,LPLocker.claimAllFees
DA:77,3
DA:78,3
BRDA:78,4,0,1
DA:80,2
DA:81,4
DA:85,4
FN:85,LPLocker.getLockedPositions
FNDA:4,LPLocker.getLockedPositions
DA:86,4
DA:89,20
FN:89,LPLocker._registerLock
FNDA:20,LPLocker._registerLock
DA:92,2
BRDA:92,5,0,2
DA:93,18
DA:94,18
DA:95,18
DA:100,6
FN:100,LPLocker._claimFees
FNDA:6,LPLocker._claimFees
DA:104,6
DA:106,6
DA:107,6
DA:109,6
DA:110,6
DA:112,6
DA:114,6
FNF:9
FNH:8
LF:37
LH:35
BRF:6
BRH:5
end_of_record
TN:
SF:src/governance/ParticipationDistributor.sol
DA:35,23
FN:35,ParticipationDistributor.constructor
FNDA:23,ParticipationDistributor.constructor
DA:39,23
DA:40,23
DA:45,25
FN:45,ParticipationDistributor.createStream
FNDA:25,ParticipationDistributor.createStream
DA:49,25
BRDA:49,0,0,1
DA:50,24
BRDA:50,1,0,1
DA:52,23
DA:54,23
DA:56,23
DA:59,23
DA:62,11
FN:62,ParticipationDistributor.claim
FNDA:11,ParticipationDistributor.claim
DA:65,11
DA:66,11
BRDA:66,2,0,3
DA:67,8
DA:71,6
FN:71,ParticipationDistributor.claimAll
FNDA:6,ParticipationDistributor.claimAll
DA:74,6
DA:75,6
DA:76,8
DA:78,6
BRDA:78,3,0,2
DA:79,4
DA:82,19
FN:82,ParticipationDistributor._processClaim
FNDA:19,ParticipationDistributor._processClaim
DA:85,19
DA:86,19
BRDA:86,4,0,14
DA:87,14
DA:88,14
DA:94,29
FN:94,ParticipationDistributor.claimable
FNDA:29,ParticipationDistributor.claimable
DA:98,29
DA:99,29
BRDA:99,5,0,2
DA:101,27
DA:102,27
BRDA:102,6,0,3
DA:104,24
DA:105,24
BRDA:105,7,0,1
DA:107,23
DA:108,23
DA:109,23
BRDA:109,8,0,13
BRDA:109,8,1,10
DA:110,13
DA:112,10
DA:115,23
DA:116,23
BRDA:116,9,0,18
DA:117,18
FNF:6
FNH:6
LF:40
LH:40
BRF:11
BRH:11
end_of_record
TN:
SF:test/fuzz/StakingMPFuzz.t.sol
DA:17,6005
FN:17,MockERC20.mint
FNDA:6005,MockERC20.mint
DA:21,6005
FNF:1
FNH:1
LF:2
LH:2
BRF:0
BRH:0
end_of_record
TN:
SF:test/integration/GovernanceIntegration.t.sol
DA:15,101
FN:15,MockTracker.setBalance
FNDA:101,MockTracker.setBalance
DA:16,39
FN:16,MockTracker.setTotalSupply
FNDA:39,MockTracker.setTotalSupply
DA:17,202
FN:17,MockTracker.setDepositBalance
FNDA:202,MockTracker.setDepositBalance
DA:18,202
DA:20,48
FN:20,MockTracker.balanceOf
FNDA:48,MockTracker.balanceOf
DA:21,85
FN:21,MockTracker.totalSupply
FNDA:85,MockTracker.totalSupply
DA:22,50
FN:22,MockTracker.depositBalances
FNDA:50,MockTracker.depositBalances
DA:23,50
DA:25,0
FN:25,MockTracker.stakedAmounts
FNDA:0,MockTracker.stakedAmounts
DA:33,39
FN:33,SimpleERC20.mint
FNDA:39,SimpleERC20.mint
DA:34,1
FN:34,SimpleERC20.approve
FNDA:1,SimpleERC20.approve
DA:35,1
DA:36,0
DA:38,25
FN:38,SimpleERC20.transfer
FNDA:25,SimpleERC20.transfer
DA:39,25
DA:40,25
DA:41,25
DA:43,0
FN:43,SimpleERC20.transferFrom
FNDA:0,SimpleERC20.transferFrom
DA:44,0
BRDA:44,0,0,-
DA:45,0
DA:46,0
DA:47,0
DA:51,2
FN:51,SimpleERC20.withdraw
FNDA:2,SimpleERC20.withdraw
DA:52,2
DA:53,2
DA:54,2
BRDA:54,1,0,-
BRDA:54,1,1,-
DA:57,0
FN:57,SimpleERC20.deposit
FNDA:0,SimpleERC20.deposit
DA:58,0
FN:58,SimpleERC20.receive
FNDA:0,SimpleERC20.receive
DA:67,25
FN:67,MockUniversalRouter.constructor.0
FNDA:25,MockUniversalRouter.constructor.0
DA:68,25
DA:69,25
DA:72,2
FN:72,MockUniversalRouter.execute
FNDA:2,MockUniversalRouter.execute
DA:73,2
DA:74,2
BRDA:74,2,0,2
DA:76,2
BRDA:76,3,0,2
DA:77,2
DA:92,25
FN:92,MockParticipationDistributor.constructor.1
FNDA:25,MockParticipationDistributor.constructor.1
DA:94,1
FN:94,MockParticipationDistributor.createStream
FNDA:1,MockParticipationDistributor.createStream
DA:95,1
DA:96,1
DA:97,1
FNF:18
FNH:14
LF:41
LH:32
BRF:5
BRH:2
end_of_record
TN:
SF:test/integration/IntegrationBase.t.sol
DA:31,18063
FN:31,MockERC20.mint.0
FNDA:18063,MockERC20.mint.0
DA:35,18063
DA:38,0
FN:38,MockERC20.burn.0
FNDA:0,MockERC20.burn.0
DA:42,0
DA:53,1053
FN:53,MockDEXFactory.createPair
FNDA:1053,MockDEXFactory.createPair
DA:57,1053
BRDA:57,0,0,-
BRDA:57,0,1,-
DA:58,1053
DA:59,1053
DA:60,1053
DA:61,1053
DA:64,0
FN:64,MockDEXFactory.allPairsLength
FNDA:0,MockDEXFactory.allPairsLength
DA:65,0
DA:74,1053
FN:74,MockPair.constructor.0
FNDA:1053,MockPair.constructor.0
DA:78,1053
DA:81,21
FN:81,MockPair.mint.1
FNDA:21,MockPair.mint.1
DA:85,21
DA:89,1053
FN:89,MockPair.mint.2
FNDA:1053,MockPair.mint.2
DA:92,1053
DA:93,1053
DA:94,1053
DA:95,1053
DA:97,1053
BRDA:97,1,0,-
BRDA:97,1,1,-
DA:98,1053
DA:99,1053
DA:102,2
FN:102,MockPair.burn.1
FNDA:2,MockPair.burn.1
DA:106,2
DA:110,4
FN:110,MockPair.sendTokens
FNDA:4,MockPair.sendTokens
DA:115,4
DA:118,1053
FN:118,MockPair._sqrt.0
FNDA:1053,MockPair._sqrt.0
DA:121,1053
BRDA:121,2,0,-
DA:122,1053
DA:123,1053
DA:124,90056
DA:125,89003
DA:126,89003
DA:128,1053
DA:137,71
FN:137,MockRouter.constructor.1
FNDA:71,MockRouter.constructor.1
DA:140,71
DA:143,7
FN:143,MockRouter.addLiquidity
FNDA:7,MockRouter.addLiquidity
DA:153,7
BRDA:153,3,0,-
BRDA:153,3,1,-
DA:155,7
DA:156,7
DA:159,7
DA:160,7
BRDA:160,4,0,-
DA:161,0
DA:165,7
DA:166,7
DA:169,7
DA:170,7
DA:173,2
FN:173,MockRouter.removeLiquidity
FNDA:2,MockRouter.removeLiquidity
DA:182,2
BRDA:182,5,0,-
BRDA:182,5,1,-
DA:184,2
DA:185,2
BRDA:185,6,0,-
BRDA:185,6,1,-
DA:187,2
DA:188,2
DA:189,2
DA:192,2
DA:195,2
DA:196,2
DA:199,2
DA:200,2
DA:203,0
FN:203,MockRouter.swapExactTokensForTokens
FNDA:0,MockRouter.swapExactTokensForTokens
DA:210,0
BRDA:210,7,0,-
BRDA:210,7,1,-
DA:211,0
BRDA:211,8,0,-
BRDA:211,8,1,-
DA:214,0
DA:217,0
DA:218,0
BRDA:218,9,0,-
BRDA:218,9,1,-
DA:221,0
DA:223,0
DA:224,0
DA:225,0
DA:228,0
FN:228,MockRouter.swapExactTokensForTokensSupportingFeeOnTransferTokens
FNDA:0,MockRouter.swapExactTokensForTokensSupportingFeeOnTransferTokens
DA:235,0
BRDA:235,10,0,-
BRDA:235,10,1,-
DA:236,0
BRDA:236,11,0,-
BRDA:236,11,1,-
DA:239,0
DA:240,0
DA:241,0
DA:244,0
DA:245,0
BRDA:245,12,0,-
BRDA:245,12,1,-
DA:247,0
DA:250,7
FN:250,MockRouter._sqrt.1
FNDA:7,MockRouter._sqrt.1
DA:253,7
BRDA:253,13,0,7
BRDA:253,13,1,-
DA:254,7
DA:255,7
DA:256,496
DA:257,489
DA:258,489
DA:260,0
BRDA:260,14,0,-
DA:261,0
DA:317,71
FN:317,IntegrationBase.setUp
FNDA:71,IntegrationBase.setUp
DA:319,71
DA:320,71
DA:321,71
DA:322,71
DA:323,71
DA:324,71
DA:325,71
DA:326,71
DA:327,71
DA:328,71
DA:329,71
DA:330,71
DA:333,71
DA:334,71
DA:337,71
DA:338,71
DA:341,71
DA:342,71
DA:343,71
DA:344,71
DA:345,71
DA:348,71
DA:352,71
DA:363,71
DA:366,71
DA:368,71
DA:401,4038
FN:401,IntegrationBase._createExpressLaunch
FNDA:4038,IntegrationBase._createExpressLaunch
DA:403,4038
DA:404,4038
DA:405,4038
DA:408,4038
DA:409,4038
DA:410,4038
DA:411,4038
DA:413,4038
DA:414,4038
DA:416,4038
DA:432,4038
DA:433,4038
DA:437,25
FN:437,IntegrationBase._createAdvancedLaunch
FNDA:25,IntegrationBase._createAdvancedLaunch
DA:438,25
DA:439,25
DA:440,25
DA:442,25
DA:443,25
DA:444,25
DA:445,25
DA:446,25
DA:447,25
DA:449,25
DA:450,25
DA:451,25
DA:452,25
DA:453,25
DA:454,25
DA:456,25
DA:457,25
DA:458,25
DA:459,25
DA:460,25
DA:461,25
DA:463,25
DA:479,25
DA:480,25
DA:484,4063
FN:484,IntegrationBase._getLaunchInfo
FNDA:4063,IntegrationBase._getLaunchInfo
DA:487,4063
DA:500,13985
FN:500,IntegrationBase._contribute
FNDA:13985,IntegrationBase._contribute
DA:505,13985
DA:506,13985
DA:507,13985
DA:508,13985
DA:509,13985
DA:513,0
FN:513,IntegrationBase._seedLiquidity
FNDA:0,IntegrationBase._seedLiquidity
DA:517,0
DA:518,0
FNF:22
FNH:17
LF:165
LH:136
BRF:27
BRH:1
end_of_record
TN:
SF:test/invariant/GovernanceInvariant.t.sol
DA:12,0
FN:12,MockGovRewardTracker.setBalance
FNDA:0,MockGovRewardTracker.setBalance
DA:13,0
DA:16,0
FN:16,MockGovRewardTracker.setTotalSupply
FNDA:0,MockGovRewardTracker.setTotalSupply
DA:17,0
DA:20,0
FN:20,MockGovRewardTracker.setDepositBalance
FNDA:0,MockGovRewardTracker.setDepositBalance
DA:21,0
DA:24,0
FN:24,MockGovRewardTracker.balanceOf
FNDA:0,MockGovRewardTracker.balanceOf
DA:25,0
DA:28,1036
FN:28,MockGovRewardTracker.totalSupply
FNDA:1036,MockGovRewardTracker.totalSupply
DA:29,1036
DA:32,0
FN:32,MockGovRewardTracker.depositBalances
FNDA:0,MockGovRewardTracker.depositBalances
DA:33,0
DA:41,3140
FN:41,MockGovToken.mint
FNDA:3140,MockGovToken.mint
DA:42,3140
DA:45,0
FN:45,MockGovToken.approve
FNDA:0,MockGovToken.approve
DA:46,0
DA:47,0
DA:50,356
FN:50,MockGovToken.transfer
FNDA:356,MockGovToken.transfer
DA:51,356
DA:52,356
DA:53,356
DA:56,0
FN:56,MockGovToken.transferFrom
FNDA:0,MockGovToken.transferFrom
DA:57,0
BRDA:57,0,0,-
DA:58,0
DA:60,0
DA:61,0
DA:62,0
DA:69,4
FN:69,MockInvariantLPLocker.constructor.0
FNDA:4,MockInvariantLPLocker.constructor.0
DA:70,4
DA:73,0
FN:73,MockInvariantLPLocker.lockPosition
FNDA:0,MockInvariantLPLocker.lockPosition
DA:79,4
FN:79,MockInvariantParticipationDistributor.constructor.1
FNDA:4,MockInvariantParticipationDistributor.constructor.1
DA:80,4
DA:83,0
FN:83,MockInvariantParticipationDistributor.createStream
FNDA:0,MockInvariantParticipationDistributor.createStream
DA:102,4
FN:102,GovernanceHandler.constructor.2
FNDA:4,GovernanceHandler.constructor.2
DA:103,4
DA:104,4
DA:105,4
DA:108,2960
FN:108,GovernanceHandler.warpTime
FNDA:2960,GovernanceHandler.warpTime
DA:109,2960
DA:110,2960
DA:111,2960
DA:114,3188
FN:114,GovernanceHandler.depositRaise
FNDA:3188,GovernanceHandler.depositRaise
DA:115,3188
DA:116,3188
DA:117,3188
BRDA:117,1,0,48
DA:118,3140
DA:121,3208
FN:121,GovernanceHandler.finalizeNext
FNDA:3208,GovernanceHandler.finalizeNext
DA:122,3208
DA:123,3208
DA:124,3208
DA:126,3208
BRDA:126,2,0,2004
DA:127,1204
BRDA:127,3,0,-
DA:129,1204
BRDA:129,4,0,560
DA:130,560
DA:131,560
BRDA:131,5,0,364
DA:134,840
DA:135,840
DA:136,840
DA:137,840
DA:139,840
DA:140,840
BRDA:140,6,0,840
DA:141,840
DA:142,840
BRDA:142,7,0,196
DA:146,3100
FN:146,GovernanceHandler.executeNext
FNDA:3100,GovernanceHandler.executeNext
DA:147,3100
DA:148,3100
DA:149,3100
DA:150,3100
BRDA:150,8,0,2584
DA:152,516
DA:153,516
DA:155,516
DA:156,516
DA:157,516
DA:159,516
DA:160,516
DA:161,516
BRDA:161,9,0,-
DA:163,516
DA:164,516
BRDA:164,10,0,516
DA:165,516
DA:169,2964
FN:169,GovernanceHandler.forceMarkExecuted
FNDA:2964,GovernanceHandler.forceMarkExecuted
DA:170,2964
DA:171,2964
BRDA:171,11,0,2872
DA:173,92
DA:174,92
DA:175,92
BRDA:175,12,0,72
DA:177,20
DA:178,20
BRDA:178,13,0,12
DA:180,8
DA:181,8
DA:183,8
DA:184,8
DA:186,8
DA:187,8
DA:188,8
BRDA:188,14,0,-
DA:190,8
BRDA:190,15,0,8
DA:191,8
FNF:20
FNH:11
LF:96
LH:75
BRF:16
BRH:12
end_of_record
TN:
SF:test/invariant/StakingInvariant.t.sol
DA:17,11896
FN:17,MockERC20.mint
FNDA:11896,MockERC20.mint
DA:21,11896
DA:43,8
FN:43,StakingHandler.constructor
FNDA:8,StakingHandler.constructor
DA:49,8
DA:50,8
DA:51,8
DA:52,8
DA:54,8
DA:55,40
DA:59,6080
FN:59,StakingHandler.stake
FNDA:6080,StakingHandler.stake
DA:63,6080
DA:64,6080
DA:67,6080
DA:69,6080
DA:70,6080
DA:71,6080
DA:72,6080
DA:73,6080
DA:75,6080
DA:76,6080
DA:77,6080
DA:78,6080
DA:79,6080
DA:82,6368
FN:82,StakingHandler.withdraw
FNDA:6368,StakingHandler.withdraw
DA:86,6368
DA:87,6368
DA:88,6368
BRDA:88,0,0,4739
DA:90,1629
DA:93,1629
DA:95,1629
DA:96,1629
DA:98,1629
DA:102,1629
DA:103,1629
DA:104,1629
DA:105,1629
DA:108,6432
FN:108,StakingHandler.claim
FNDA:6432,StakingHandler.claim
DA:111,6432
DA:112,6432
DA:113,6432
BRDA:113,1,0,4857
DA:115,1575
DA:116,1575
DA:117,1575
DA:118,1575
DA:119,1575
DA:120,1575
DA:123,5888
FN:123,StakingHandler.notifyFees
FNDA:5888,StakingHandler.notifyFees
DA:126,5888
DA:127,5888
BRDA:127,2,0,80
DA:129,5808
DA:130,5808
DA:131,5808
DA:132,5808
DA:133,5808
DA:135,5808
DA:136,5808
DA:139,6072
FN:139,StakingHandler.warpTime
FNDA:6072,StakingHandler.warpTime
DA:142,6072
DA:143,6072
FNF:7
FNH:7
LF:59
LH:59
BRF:3
BRH:3
end_of_record
TN:
SF:test/invariant/VestingInvariant.t.sol
DA:16,5
FN:16,MockERC20.mint
FNDA:5,MockERC20.mint
DA:20,5
DA:34,5
FN:34,VestingHandler.constructor
FNDA:5,VestingHandler.constructor
DA:39,5
DA:40,5
DA:41,5
DA:42,10
DA:46,9890
FN:46,VestingHandler.claim
FNDA:9890,VestingHandler.claim
DA:49,9890
DA:50,9890
DA:52,9890
DA:53,9890
BRDA:53,0,0,3138
DA:55,6752
DA:56,6752
DA:57,6752
DA:58,6752
DA:60,6752
DA:61,6752
DA:64,9385
FN:64,VestingHandler.warpTime
FNDA:9385,VestingHandler.warpTime
DA:67,9385
DA:68,9385
FNF:4
FNH:4
LF:21
LH:21
BRF:1
BRH:1
end_of_record
TN:
SF:test/unit/BoardwalkFeeCollector.t.sol
DA:18,1012
FN:18,MockERC20.mint
FNDA:1012,MockERC20.mint
DA:22,1012
DA:36,161
FN:36,MockFOTRouter.setExchangeRate.0
FNDA:161,MockFOTRouter.setExchangeRate.0
DA:41,161
DA:45,1011
FN:45,MockFOTRouter.swapExactTokensForTokens.0
FNDA:1011,MockFOTRouter.swapExactTokensForTokens.0
DA:52,1011
BRDA:52,0,0,-
BRDA:52,0,1,-
DA:53,1011
BRDA:53,1,0,-
BRDA:53,1,1,-
DA:55,1011
DA:56,1011
DA:57,1011
DA:58,1011
BRDA:58,2,0,-
BRDA:58,2,1,-
DA:61,1011
DA:64,1011
DA:65,1011
BRDA:65,3,0,-
BRDA:65,3,1,-
DA:68,1011
DA:71,1010
DA:72,1010
DA:73,1010
DA:82,2
FN:82,MockFOTRouterWithFailure.setShouldFail
FNDA:2,MockFOTRouterWithFailure.setShouldFail
DA:86,2
DA:89,1
FN:89,MockFOTRouterWithFailure.setExchangeRate.1
FNDA:1,MockFOTRouterWithFailure.setExchangeRate.1
DA:94,1
DA:97,2
FN:97,MockFOTRouterWithFailure.swapExactTokensForTokens.1
FNDA:2,MockFOTRouterWithFailure.swapExactTokensForTokens.1
DA:104,2
BRDA:104,4,0,-
BRDA:104,4,1,-
DA:105,2
BRDA:105,5,0,-
BRDA:105,5,1,-
DA:107,2
DA:108,2
BRDA:108,6,0,2
DA:109,2
DA:112,0
DA:113,0
DA:114,0
BRDA:114,7,0,-
BRDA:114,7,1,-
DA:116,0
DA:117,0
DA:118,0
BRDA:118,8,0,-
BRDA:118,8,1,-
DA:120,0
DA:122,0
DA:123,0
DA:124,0
DA:134,3
FN:134,MockFeeDistributor.constructor
FNDA:3,MockFeeDistributor.constructor
DA:137,3
DA:140,3
FN:140,MockFeeDistributor.setFeeCollector
FNDA:3,MockFeeDistributor.setFeeCollector
DA:145,3
BRDA:145,9,0,-
BRDA:145,9,1,-
DA:146,3
DA:147,3
DA:148,3
FNF:8
FNH:8
LF:45
LH:35
BRF:19
BRH:1
end_of_record
TN:
SF:test/unit/BoardwalkLPManager.t.sol
DA:19,4040
FN:19,MockERC20.mint.0
FNDA:4040,MockERC20.mint.0
DA:23,4040
DA:32,2012
FN:32,MockUniswapV2Pair.constructor.0
FNDA:2012,MockUniswapV2Pair.constructor.0
DA:36,2012
DA:37,2012
DA:40,2014
FN:40,MockUniswapV2Pair.mint.1
FNDA:2014,MockUniswapV2Pair.mint.1
DA:44,2014
DA:47,1004
FN:47,MockUniswapV2Pair.burn
FNDA:1004,MockUniswapV2Pair.burn
DA:51,1004
DA:55,2008
FN:55,MockUniswapV2Pair.transferTokens
FNDA:2008,MockUniswapV2Pair.transferTokens
DA:60,2008
DA:70,6032
FN:70,MockUniswapV2Factory.getPair
FNDA:6032,MockUniswapV2Factory.getPair
DA:74,6032
DA:77,2012
FN:77,MockUniswapV2Factory.createPair
FNDA:2012,MockUniswapV2Factory.createPair
DA:81,2012
BRDA:81,0,0,-
BRDA:81,0,1,-
DA:82,2012
DA:83,2012
DA:84,2012
DA:85,2012
DA:86,2012
DA:87,0
DA:90,0
FN:90,MockUniswapV2Factory.setPair
FNDA:0,MockUniswapV2Factory.setPair
DA:95,0
DA:96,0
DA:97,0
DA:98,0
DA:109,28
FN:109,MockUniswapV2Router.constructor.1
FNDA:28,MockUniswapV2Router.constructor.1
DA:112,28
DA:115,1
FN:115,MockUniswapV2Router.setUseRatio
FNDA:1,MockUniswapV2Router.setUseRatio
DA:118,1
DA:121,2014
FN:121,MockUniswapV2Router.addLiquidity
FNDA:2014,MockUniswapV2Router.addLiquidity
DA:131,2014
BRDA:131,1,0,-
BRDA:131,1,1,-
DA:134,2013
BRDA:134,2,0,2013
BRDA:134,2,1,-
DA:135,2013
BRDA:135,3,0,2013
BRDA:135,3,1,-
DA:138,2013
DA:139,2013
DA:142,2013
DA:143,2013
BRDA:143,4,0,2011
DA:144,2011
DA:148,2013
DA:149,2013
DA:153,2013
DA:154,2013
DA:157,2013
DA:158,2013
DA:159,2013
BRDA:159,5,0,1
DA:160,2013
BRDA:160,6,0,1
DA:163,1005
FN:163,MockUniswapV2Router.removeLiquidity
FNDA:1005,MockUniswapV2Router.removeLiquidity
DA:172,1005
BRDA:172,7,0,-
BRDA:172,7,1,-
DA:175,1004
DA:176,1004
BRDA:176,8,0,-
BRDA:176,8,1,-
DA:179,1004
BRDA:179,9,0,1004
BRDA:179,9,1,-
DA:182,1004
DA:183,1004
DA:184,1004
DA:187,1004
DA:189,1004
BRDA:189,10,0,1004
BRDA:189,10,1,-
DA:190,1004
DA:191,1004
DA:194,0
DA:195,0
DA:200,1004
BRDA:200,11,0,1004
DA:201,1004
BRDA:201,12,0,1004
DA:204,2013
FN:204,MockUniswapV2Router._sqrt
FNDA:2013,MockUniswapV2Router._sqrt
DA:207,2013
BRDA:207,13,0,-
DA:208,2013
DA:209,2013
DA:210,150589
DA:211,148576
DA:212,148576
DA:214,2013
FNF:13
FNH:12
LF:71
LH:63
BRF:22
BRH:9
end_of_record
TN:
SF:test/unit/BoardwalkToken.t.sol
DA:22,1
FN:22,MockFeeDistributor.setBalanceObservation
FNDA:1,MockFeeDistributor.setBalanceObservation
DA:23,1
DA:24,1
DA:25,1
DA:26,1
DA:29,4019
FN:29,MockFeeDistributor.onTaxReceived
FNDA:4019,MockFeeDistributor.onTaxReceived
DA:32,4019
DA:33,4019
DA:34,4019
DA:36,1
BRDA:36,0,0,1
DA:37,1
DA:38,1
DA:39,1
FNF:2
FNH:2
LF:13
LH:13
BRF:1
BRH:1
end_of_record
TN:
SF:test/unit/BoostBurn.t.sol
DA:12,7567
FN:12,MockBMX.mint.0
FNDA:7567,MockBMX.mint.0
DA:13,7567
DA:16,7567
FN:16,MockBMX.approve
FNDA:7567,MockBMX.approve
DA:17,7567
DA:18,0
DA:21,7517
FN:21,MockBMX.transferFrom
FNDA:7517,MockBMX.transferFrom
DA:22,7517
BRDA:22,0,0,-
BRDA:22,0,1,-
DA:23,7517
BRDA:23,1,0,-
BRDA:23,1,1,-
DA:24,7517
DA:25,7517
DA:26,7517
DA:27,0
DA:35,3
FN:35,MockNFT.mint.1
FNDA:3,MockNFT.mint.1
DA:36,3
DA:37,3
DA:42,1
FN:42,RevertingNFT.balanceOf
FNDA:1,RevertingNFT.balanceOf
DA:45,1
FNF:5
FNH:5
LF:17
LH:15
BRF:4
BRH:0
end_of_record
TN:
SF:test/unit/FeeDistributor.t.sol
DA:21,5
FN:21,MockLPStaking.setShouldRevert.0
FNDA:5,MockLPStaking.setShouldRevert.0
DA:24,5
DA:27,4046
FN:27,MockLPStaking.notifyFees.0
FNDA:4046,MockLPStaking.notifyFees.0
DA:30,3
BRDA:30,0,0,3
DA:31,4043
DA:32,4043
DA:33,4043
DA:37,0
FN:37,MockLPStaking.setInitializer
FNDA:0,MockLPStaking.setInitializer
DA:41,0
FN:41,MockLPStaking.initialize
FNDA:0,MockLPStaking.initialize
DA:48,0
DA:51,0
FN:51,MockLPStaking.stake
FNDA:0,MockLPStaking.stake
DA:54,0
DA:57,0
FN:57,MockLPStaking.withdraw
FNDA:0,MockLPStaking.withdraw
DA:60,0
DA:63,0
FN:63,MockLPStaking.claim
FNDA:0,MockLPStaking.claim
DA:64,0
DA:67,0
FN:67,MockLPStaking.pendingRewards
FNDA:0,MockLPStaking.pendingRewards
DA:70,0
DA:73,0
FN:73,MockLPStaking.getPoolStats
FNDA:0,MockLPStaking.getPoolStats
DA:79,0
DA:82,0
FN:82,MockLPStaking.getUserInfo
FNDA:0,MockLPStaking.getUserInfo
DA:85,0
DA:95,4
FN:95,MockFeeCollector.setShouldRevert.1
FNDA:4,MockFeeCollector.setShouldRevert.1
DA:98,4
DA:101,4046
FN:101,MockFeeCollector.receiveFees
FNDA:4046,MockFeeCollector.receiveFees
DA:105,4
BRDA:105,1,0,4
DA:106,4042
DA:107,4042
DA:111,0
FN:111,MockFeeCollector.swapToRaiseToken
FNDA:0,MockFeeCollector.swapToRaiseToken
DA:116,0
DA:119,0
FN:119,MockFeeCollector.RAISE_TOKEN
FNDA:0,MockFeeCollector.RAISE_TOKEN
DA:120,0
DA:123,0
FN:123,MockFeeCollector.ROUTER
FNDA:0,MockFeeCollector.ROUTER
DA:124,0
DA:127,0
FN:127,MockFeeCollector.treasury
FNDA:0,MockFeeCollector.treasury
DA:128,0
DA:131,0
FN:131,MockFeeCollector.keeper
FNDA:0,MockFeeCollector.keeper
DA:132,0
DA:135,0
FN:135,MockFeeCollector.executeMigrateCollector
FNDA:0,MockFeeCollector.executeMigrateCollector
DA:139,0
DA:142,0
FN:142,MockFeeCollector.governanceVault
FNDA:0,MockFeeCollector.governanceVault
DA:143,0
DA:146,0
FN:146,MockFeeCollector.GOVERNANCE_BPS
FNDA:0,MockFeeCollector.GOVERNANCE_BPS
DA:147,0
DA:156,102
FN:156,MockRouter.setExchangeRate
FNDA:102,MockRouter.setExchangeRate
DA:161,102
DA:164,1012
FN:164,MockRouter.swapExactTokensForTokens
FNDA:1012,MockRouter.swapExactTokensForTokens
DA:171,1012
BRDA:171,2,0,-
BRDA:171,2,1,-
DA:172,1011
BRDA:172,3,0,-
BRDA:172,3,1,-
DA:175,1011
DA:176,1012
DA:177,1011
DA:178,1011
BRDA:178,4,0,-
BRDA:178,4,1,-
DA:180,1011
DA:181,1011
BRDA:181,5,0,-
BRDA:181,5,1,-
DA:184,1012
DA:187,1010
DA:189,1010
DA:190,1010
DA:191,1010
DA:204,1010
FN:204,MockERC20.mint
FNDA:1010,MockERC20.mint
DA:208,1010
DA:212,11
FN:212,MockERC20.updateExempt
FNDA:11,MockERC20.updateExempt
DA:213,11
DA:229,1
FN:229,MockFeeRecipientCollector.setShouldRevert.2
FNDA:1,MockFeeRecipientCollector.setShouldRevert.2
DA:232,1
DA:235,3
FN:235,MockFeeRecipientCollector.setShouldBurnGas
FNDA:3,MockFeeRecipientCollector.setShouldBurnGas
DA:238,3
DA:241,1
FN:241,MockFeeRecipientCollector.setReturnBomb
FNDA:1,MockFeeRecipientCollector.setReturnBomb
DA:245,1
DA:246,1
DA:249,7
FN:249,MockFeeRecipientCollector.notifyFees.1
FNDA:7,MockFeeRecipientCollector.notifyFees.1
DA:250,1
BRDA:250,6,0,1
DA:251,37212
BRDA:251,7,0,37212
DA:254,0
DA:257,1
BRDA:257,8,0,1
DA:258,1
DA:260,0
DA:261,0
DA:264,2
DA:265,2
DA:266,2
FNF:28
FNH:12
LF:82
LH:48
BRF:13
BRH:5
end_of_record
TN:
SF:test/unit/FeeRecipientCollector.t.sol
DA:17,120
FN:17,MockBoardwalkToken.constructor.0
FNDA:120,MockBoardwalkToken.constructor.0
DA:21,120
DA:24,120
FN:24,MockBoardwalkToken.setFeeDistributor
FNDA:120,MockBoardwalkToken.setFeeDistributor
DA:27,120
DA:30,13
FN:30,MockBoardwalkToken.mint
FNDA:13,MockBoardwalkToken.mint
DA:34,13
DA:51,2
FN:51,ReentrantToken.constructor.1
FNDA:2,ReentrantToken.constructor.1
DA:54,2
DA:55,2
DA:58,1
FN:58,ReentrantToken.setReentryEnabled
FNDA:1,ReentrantToken.setReentryEnabled
DA:61,1
DA:66,1
FN:66,ReentrantToken.balanceOf.0
FNDA:1,ReentrantToken.balanceOf.0
DA:69,1
DA:72,1
FN:72,ReentrantToken.transfer.0
FNDA:1,ReentrantToken.transfer.0
DA:73,1
BRDA:73,0,0,1
DA:75,1
DA:77,0
DA:88,1
FN:88,RevertingTransferToken.constructor.2
FNDA:1,RevertingTransferToken.constructor.2
DA:89,1
DA:92,1
FN:92,RevertingTransferToken.balanceOf.1
FNDA:1,RevertingTransferToken.balanceOf.1
DA:95,1
DA:98,1
FN:98,RevertingTransferToken.transfer.1
FNDA:1,RevertingTransferToken.transfer.1
DA:99,1
DA:113,6
FN:113,MockFeeDistributorRouter.setIntegrator.0
FNDA:6,MockFeeDistributorRouter.setIntegrator.0
DA:116,6
DA:119,4
FN:119,MockFeeDistributorRouter.setAncillary.0
FNDA:4,MockFeeDistributorRouter.setAncillary.0
DA:122,4
DA:125,1
FN:125,MockFeeDistributorRouter.signalChangeIntegratorAddress.0
FNDA:1,MockFeeDistributorRouter.signalChangeIntegratorAddress.0
DA:128,1
DA:129,1
DA:132,1
FN:132,MockFeeDistributorRouter.signalChangeAncillaryAddress.0
FNDA:1,MockFeeDistributorRouter.signalChangeAncillaryAddress.0
DA:135,1
DA:136,1
DA:139,1
FN:139,MockFeeDistributorRouter.cancelChangeIntegratorAddress.0
FNDA:1,MockFeeDistributorRouter.cancelChangeIntegratorAddress.0
DA:140,1
DA:143,1
FN:143,MockFeeDistributorRouter.cancelChangeAncillaryAddress.0
FNDA:1,MockFeeDistributorRouter.cancelChangeAncillaryAddress.0
DA:144,1
DA:157,6
FN:157,MockLaunchFactoryRouter.setIntegrator.1
FNDA:6,MockLaunchFactoryRouter.setIntegrator.1
DA:160,6
DA:163,4
FN:163,MockLaunchFactoryRouter.setAncillary.1
FNDA:4,MockLaunchFactoryRouter.setAncillary.1
DA:166,4
DA:169,1
FN:169,MockLaunchFactoryRouter.signalChangeIntegratorAddress.1
FNDA:1,MockLaunchFactoryRouter.signalChangeIntegratorAddress.1
DA:172,1
DA:173,1
DA:176,1
FN:176,MockLaunchFactoryRouter.signalChangeAncillaryAddress.1
FNDA:1,MockLaunchFactoryRouter.signalChangeAncillaryAddress.1
DA:179,1
DA:180,1
DA:183,1
FN:183,MockLaunchFactoryRouter.cancelChangeIntegratorAddress.1
FNDA:1,MockLaunchFactoryRouter.cancelChangeIntegratorAddress.1
DA:184,1
DA:187,1
FN:187,MockLaunchFactoryRouter.cancelChangeAncillaryAddress.1
FNDA:1,MockLaunchFactoryRouter.cancelChangeAncillaryAddress.1
DA:188,1
FNF:22
FNH:22
LF:51
LH:50
BRF:1
BRH:1
end_of_record
TN:
SF:test/unit/GovernanceVoter.t.sol
DA:14,287
FN:14,MockRewardTracker.setBalance
FNDA:287,MockRewardTracker.setBalance
DA:18,287
DA:21,94
FN:21,MockRewardTracker.setTotalSupply
FNDA:94,MockRewardTracker.setTotalSupply
DA:24,94
DA:27,566
FN:27,MockRewardTracker.setDepositBalance
FNDA:566,MockRewardTracker.setDepositBalance
DA:32,566
DA:35,109
FN:35,MockRewardTracker.balanceOf
FNDA:109,MockRewardTracker.balanceOf
DA:38,109
DA:41,138
FN:41,MockRewardTracker.totalSupply
FNDA:138,MockRewardTracker.totalSupply
DA:42,138
DA:45,136
FN:45,MockRewardTracker.depositBalances
FNDA:136,MockRewardTracker.depositBalances
DA:49,136
DA:52,0
FN:52,MockRewardTracker.stakedAmounts
FNDA:0,MockRewardTracker.stakedAmounts
DA:55,0
DA:63,46
FN:63,MockERC20Simple.mint
FNDA:46,MockERC20Simple.mint
DA:67,46
DA:70,2
FN:70,MockERC20Simple.approve
FNDA:2,MockERC20Simple.approve
DA:74,2
DA:75,0
DA:78,28
FN:78,MockERC20Simple.transfer
FNDA:28,MockERC20Simple.transfer
DA:82,28
DA:83,28
DA:84,28
DA:87,1
FN:87,MockERC20Simple.transferFrom
FNDA:1,MockERC20Simple.transferFrom
DA:92,1
BRDA:92,0,0,-
DA:93,0
DA:95,1
DA:96,1
DA:97,0
DA:101,6
FN:101,MockERC20Simple.withdraw
FNDA:6,MockERC20Simple.withdraw
DA:102,6
DA:103,6
DA:104,6
BRDA:104,1,0,-
BRDA:104,1,1,-
DA:107,0
FN:107,MockERC20Simple.deposit
FNDA:0,MockERC20Simple.deposit
DA:108,0
DA:111,0
FN:111,MockERC20Simple.receive
FNDA:0,MockERC20Simple.receive
DA:112,0
DA:125,87
FN:125,MockUniversalRouterForVoter.constructor.0
FNDA:87,MockUniversalRouterForVoter.constructor.0
DA:128,87
DA:131,6
FN:131,MockUniversalRouterForVoter.execute.0
FNDA:6,MockUniversalRouterForVoter.execute.0
DA:136,6
DA:137,6
DA:138,6
BRDA:138,2,0,4
DA:140,4
BRDA:140,3,0,4
DA:141,4
DA:142,4
DA:147,0
FN:147,MockUniversalRouterForVoter.execute.1
FNDA:0,MockUniversalRouterForVoter.execute.1
DA:151,0
DA:152,0
DA:163,90
FN:163,MockParticipationDistributorForVoter.constructor.1
FNDA:90,MockParticipationDistributorForVoter.constructor.1
DA:164,90
DA:167,1
FN:167,MockParticipationDistributorForVoter.createStream
FNDA:1,MockParticipationDistributorForVoter.createStream
DA:171,1
DA:172,1
DA:185,91
FN:185,MockLPLockerForVoter.constructor.2
FNDA:91,MockLPLockerForVoter.constructor.2
DA:186,91
DA:189,2
FN:189,MockLPLockerForVoter.lockPosition
FNDA:2,MockLPLockerForVoter.lockPosition
DA:192,2
DA:193,2
FNF:21
FNH:17
LF:59
LH:47
BRF:5
BRH:2
end_of_record
TN:
SF:test/unit/LPLocker.t.sol
DA:9,0
FN:9,MockPositionManager.modifyLiquidities
FNDA:0,MockPositionManager.modifyLiquidities
DA:14,7
FN:14,MockPositionManager.mint
FNDA:7,MockPositionManager.mint
DA:15,7
DA:18,7
FN:18,MockPositionManager.safeTransferFrom
FNDA:7,MockPositionManager.safeTransferFrom
DA:19,7
BRDA:19,0,0,-
BRDA:19,0,1,-
DA:20,7
DA:21,7
DA:24,7
BRDA:24,1,0,-
BRDA:24,1,1,-
DA:32,17
FN:32,MockGovernanceVoterForLocker.constructor
FNDA:17,MockGovernanceVoterForLocker.constructor
DA:33,17
DA:36,1
FN:36,MockGovernanceVoterForLocker.setTreasury
FNDA:1,MockGovernanceVoterForLocker.setTreasury
DA:37,1
FNF:5
FNH:4
LF:12
LH:11
BRF:4
BRH:0
end_of_record
TN:
SF:test/unit/LPStaking.t.sol
DA:18,74
FN:18,MockERC20.mint
FNDA:74,MockERC20.mint
DA:22,74
FNF:1
FNH:1
LF:2
LH:2
BRF:0
BRH:0
end_of_record
TN:
SF:test/unit/LaunchFactory.t.sol
DA:30,3017
FN:30,MockERC20.mint.0
FNDA:3017,MockERC20.mint.0
DA:34,3017
DA:37,0
FN:37,MockERC20.burn
FNDA:0,MockERC20.burn
DA:40,0
DA:49,0
FN:49,MockFeeDistributor.initialize.0
FNDA:0,MockFeeDistributor.initialize.0
DA:52,0
BRDA:52,0,0,-
BRDA:52,0,1,-
DA:53,0
DA:54,0
DA:57,0
FN:57,MockFeeDistributor.onTaxReceived
FNDA:0,MockFeeDistributor.onTaxReceived
DA:77,0
FN:77,MockPresaleManager.constructor.0
FNDA:0,MockPresaleManager.constructor.0
DA:78,0
DA:81,0
FN:81,MockPresaleManager.initialize.1
FNDA:0,MockPresaleManager.initialize.1
DA:94,0
BRDA:94,1,0,-
BRDA:94,1,1,-
DA:95,0
DA:96,0
DA:97,0
DA:98,0
DA:99,0
DA:100,0
DA:101,0
DA:102,0
DA:103,0
DA:104,0
DA:105,0
DA:106,0
DA:109,0
FN:109,MockPresaleManager.setVestingConfig
FNDA:0,MockPresaleManager.setVestingConfig
DA:113,0
BRDA:113,2,0,-
BRDA:113,2,1,-
DA:120,0
FN:120,MockVestingStream.initialize.2
FNDA:0,MockVestingStream.initialize.2
DA:126,0
BRDA:126,3,0,-
BRDA:126,3,1,-
DA:127,0
DA:134,0
FN:134,MockLPStaking.initialize.3
FNDA:0,MockLPStaking.initialize.3
DA:141,0
BRDA:141,4,0,-
BRDA:141,4,1,-
DA:142,0
DA:149,3
FN:149,MockNFT.mint.1
FNDA:3,MockNFT.mint.1
DA:150,3
DA:155,1
FN:155,RevertingNFT.balanceOf
FNDA:1,RevertingNFT.balanceOf
DA:158,1
DA:166,164
FN:166,MockRouterMinimal.constructor.1
FNDA:164,MockRouterMinimal.constructor.1
DA:169,164
FNF:12
FNH:4
LF:39
LH:8
BRF:10
BRH:0
end_of_record
TN:
SF:test/unit/ParticipationDistributor.t.sol
DA:12,24
FN:12,MockBMXToken.mint
FNDA:24,MockBMXToken.mint
DA:13,24
DA:16,24
FN:16,MockBMXToken.approve
FNDA:24,MockBMXToken.approve
DA:17,24
DA:18,0
DA:21,12
FN:21,MockBMXToken.transfer
FNDA:12,MockBMXToken.transfer
DA:22,12
DA:23,12
DA:24,12
DA:27,23
FN:27,MockBMXToken.transferFrom
FNDA:23,MockBMXToken.transferFrom
DA:28,23
BRDA:28,0,0,23
DA:29,23
DA:31,23
DA:32,23
DA:33,0
DA:41,28
FN:41,MockGovernanceVoter.setEpochInfo
FNDA:28,MockGovernanceVoter.setEpochInfo
DA:42,28
DA:45,50
FN:45,MockGovernanceVoter.setUserVote
FNDA:50,MockGovernanceVoter.setUserVote
DA:46,50
DA:49,23
FN:49,MockGovernanceVoter.getEpochInfo
FNDA:23,MockGovernanceVoter.getEpochInfo
DA:52,23
DA:55,27
FN:55,MockGovernanceVoter.getUserVote
FNDA:27,MockGovernanceVoter.getUserVote
DA:56,27
FNF:8
FNH:8
LF:23
LH:21
BRF:1
BRH:1
end_of_record
TN:
SF:test/unit/PresaleManager.t.sol
DA:23,1
FN:23,MockERC20.mint.0
FNDA:1,MockERC20.mint.0
DA:27,1
DA:43,79
FN:43,MockBoardwalkToken.initialize.0
FNDA:79,MockBoardwalkToken.initialize.0
DA:53,79
DA:54,79
DA:55,79
DA:56,79
DA:57,79
DA:58,79
DA:59,79
BRDA:59,0,0,79
DA:60,79
DA:65,3080
FN:65,MockBoardwalkToken.mint.1
FNDA:3080,MockBoardwalkToken.mint.1
DA:69,3080
BRDA:69,1,0,-
BRDA:69,1,1,-
DA:70,3080
BRDA:70,2,0,-
BRDA:70,2,1,-
DA:71,3080
DA:74,1026
FN:74,MockBoardwalkToken.setLiquiditySeedTime
FNDA:1026,MockBoardwalkToken.setLiquiditySeedTime
DA:77,1026
BRDA:77,3,0,-
BRDA:77,3,1,-
DA:78,1026
DA:81,0
FN:81,MockBoardwalkToken.updateExempt
FNDA:0,MockBoardwalkToken.updateExempt
DA:82,0
DA:96,0
FN:96,MockLPStaking.setInitializer.0
FNDA:0,MockLPStaking.setInitializer.0
DA:99,0
DA:102,1026
FN:102,MockLPStaking.initialize.1
FNDA:1026,MockLPStaking.initialize.1
DA:109,1026
BRDA:109,4,0,-
BRDA:109,4,1,-
DA:110,1026
DA:111,1026
DA:112,1026
DA:113,1026
DA:114,1026
DA:115,1026
DA:119,0
FN:119,MockLPStaking.stake
FNDA:0,MockLPStaking.stake
DA:122,0
DA:125,0
FN:125,MockLPStaking.withdraw
FNDA:0,MockLPStaking.withdraw
DA:128,0
DA:131,0
FN:131,MockLPStaking.claim.0
FNDA:0,MockLPStaking.claim.0
DA:132,0
DA:135,0
FN:135,MockLPStaking.notifyFees
FNDA:0,MockLPStaking.notifyFees
DA:138,0
DA:141,0
FN:141,MockLPStaking.pendingRewards
FNDA:0,MockLPStaking.pendingRewards
DA:144,0
DA:147,0
FN:147,MockLPStaking.getPoolStats
FNDA:0,MockLPStaking.getPoolStats
DA:153,0
DA:156,0
FN:156,MockLPStaking.getUserInfo
FNDA:0,MockLPStaking.getUserInfo
DA:159,0
DA:173,0
FN:173,MockVestingStream.setInitializer.1
FNDA:0,MockVestingStream.setInitializer.1
DA:177,0
DA:178,0
DA:181,21
FN:181,MockVestingStream.initialize.2
FNDA:21,MockVestingStream.initialize.2
DA:187,21
BRDA:187,5,0,-
BRDA:187,5,1,-
DA:188,21
DA:189,21
DA:190,21
DA:193,21
DA:194,42
DA:195,42
DA:200,0
FN:200,MockVestingStream.claim.1
FNDA:0,MockVestingStream.claim.1
DA:203,0
DA:206,0
FN:206,MockVestingStream.executeChangeRecipientAddress
FNDA:0,MockVestingStream.executeChangeRecipientAddress
DA:207,0
DA:210,0
FN:210,MockVestingStream.claimable
FNDA:0,MockVestingStream.claimable
DA:213,0
DA:216,0
FN:216,MockVestingStream.allocationCount
FNDA:0,MockVestingStream.allocationCount
DA:217,0
DA:220,0
FN:220,MockVestingStream.cliffEnd
FNDA:0,MockVestingStream.cliffEnd
DA:221,0
DA:224,0
FN:224,MockVestingStream.vestingEnd
FNDA:0,MockVestingStream.vestingEnd
DA:225,0
DA:233,78
FN:233,MockRouter.constructor.0
FNDA:78,MockRouter.constructor.0
DA:236,78
DA:239,0
FN:239,MockRouter.addLiquidity
FNDA:0,MockRouter.addLiquidity
DA:250,0
BRDA:250,6,0,-
BRDA:250,6,1,-
DA:251,0
BRDA:251,7,0,-
BRDA:251,7,1,-
DA:254,0
DA:255,0
BRDA:255,8,0,-
DA:256,0
DA:260,0
DA:261,0
DA:265,0
DA:266,0
DA:269,0
DA:270,0
DA:273,0
FN:273,MockRouter._sqrt.0
FNDA:0,MockRouter._sqrt.0
DA:276,0
BRDA:276,9,0,-
DA:277,0
DA:278,0
DA:279,0
DA:280,0
DA:281,0
DA:283,0
DA:294,1026
FN:294,MockPair.constructor.1
FNDA:1026,MockPair.constructor.1
DA:298,1026
DA:299,1026
DA:302,0
FN:302,MockPair.getReserves
FNDA:0,MockPair.getReserves
DA:303,0
DA:306,1
FN:306,MockPair.sync
FNDA:1,MockPair.sync
DA:307,1
DA:308,1
DA:311,1026
FN:311,MockPair.mint.2
FNDA:1026,MockPair.mint.2
DA:314,1026
DA:315,1026
DA:316,1026
DA:317,1026
DA:318,1026
DA:320,1026
BRDA:320,10,0,1026
BRDA:320,10,1,-
DA:321,1026
DA:323,0
DA:324,0
DA:325,0
DA:328,1026
BRDA:328,11,0,-
BRDA:328,11,1,-
DA:330,1026
DA:331,1026
DA:332,1026
DA:335,1026
FN:335,MockPair._sqrt.1
FNDA:1026,MockPair._sqrt.1
DA:338,1026
BRDA:338,12,0,-
DA:339,1026
DA:340,1026
DA:341,87585
DA:342,86559
DA:343,86559
DA:345,1026
DA:353,1029
FN:353,MockFactory.getPair
FNDA:1029,MockFactory.getPair
DA:357,1029
DA:360,1026
FN:360,MockFactory.createPair
FNDA:1026,MockFactory.createPair
DA:364,1026
BRDA:364,13,0,-
BRDA:364,13,1,-
DA:365,1026
DA:366,1026
DA:367,1026
DA:368,0
FNF:32
FNH:13
LF:128
LH:69
BRF:24
BRH:2
end_of_record
TN:
SF:test/unit/VestingStream.t.sol
DA:19,2018
FN:19,MockERC20.mint
FNDA:2018,MockERC20.mint
DA:23,2018
FNF:1
FNH:1
LF:2
LH:2
BRF:0
BRH:0
end_of_record
